============================= test session starts ==============================
platform darwin -- Python 3.5.10, pytest-6.1.2, py-1.11.0, pluggy-0.13.1
rootdir: /Users/gpbu50235/byterun
collected 78 items

tests/test_basic.py F..FF.FFF.F...F..F....F..FFF.F...F.FFF..F.........   [ 64%]
tests/test_functions.py F..F..F.........F.FFF..FFFF.                     [100%]

=================================== FAILURES ===================================
_________________________ TestIt.test_attribute_access _________________________

self = <tests.test_basic.TestIt testMethod=test_attribute_access>

    def test_attribute_access(self):
        self.assert_ok("""\
            class Thing(object):
                z = 17
                def __init__(self):
                    self.x = 23
            t = Thing()
            print(Thing.z)
            print(t.z)
            print(t.x)
>           """)

tests/test_basic.py:394: 
_ _ _ _ _ _ _ _ _ _ _ _ _ _ _ _ _ _ _ _ _ _ _ _ _ _ _ _ _ _ _ _ _ _ _ _ _ _ _ _ 
tests/vmtest.py:85: in assert_ok
    self.assert_same_exception(vm_exc, py_exc)
tests/vmtest.py:95: in assert_same_exception
    self.assertEqual(str(e1), str(e2))
E   AssertionError: '__build_class__: func must be a function' != 'None'
E   - __build_class__: func must be a function
E   + None
----------------------------- Captured stdout call -----------------------------

<code object __init__ at 0x103cc1b70, file "<tests.test_basic.TestIt.test_attribute_access>", line 3>
  4           0 LOAD_CONST               1 (23)
              3 LOAD_FAST                0 (self)
              6 STORE_ATTR               0 (x)
              9 LOAD_CONST               0 (None)
             12 RETURN_VALUE

<code object Thing at 0x103efc390, file "<tests.test_basic.TestIt.test_attribute_access>", line 1>
  1           0 LOAD_NAME                0 (__name__)
              3 STORE_NAME               1 (__module__)
              6 LOAD_CONST               0 ('Thing')
              9 STORE_NAME               2 (__qualname__)

  2          12 LOAD_CONST               1 (17)
             15 STORE_NAME               3 (z)

  3          18 LOAD_CONST               2 (<code object __init__ at 0x103cc1b70, file "<tests.test_basic.TestIt.test_attribute_access>", line 3>)
             21 LOAD_CONST               3 ('Thing.__init__')
             24 MAKE_FUNCTION            0
             27 STORE_NAME               4 (__init__)
             30 LOAD_CONST               4 (None)
             33 RETURN_VALUE

<code object <module> at 0x103efc4b0, file "<tests.test_basic.TestIt.test_attribute_access>", line 1>
  1           0 LOAD_BUILD_CLASS
              1 LOAD_CONST               0 (<code object Thing at 0x103efc390, file "<tests.test_basic.TestIt.test_attribute_access>", line 1>)
              4 LOAD_CONST               1 ('Thing')
              7 MAKE_FUNCTION            0
             10 LOAD_CONST               1 ('Thing')
             13 LOAD_NAME                0 (object)
             16 CALL_FUNCTION            3 (3 positional, 0 keyword pair)
             19 STORE_NAME               1 (Thing)

  5          22 LOAD_NAME                1 (Thing)
             25 CALL_FUNCTION            0 (0 positional, 0 keyword pair)
             28 STORE_NAME               2 (t)

  6          31 LOAD_NAME                3 (print)
             34 LOAD_NAME                1 (Thing)
             37 LOAD_ATTR                4 (z)
             40 CALL_FUNCTION            1 (1 positional, 0 keyword pair)
             43 POP_TOP

  7          44 LOAD_NAME                3 (print)
             47 LOAD_NAME                2 (t)
             50 LOAD_ATTR                4 (z)
             53 CALL_FUNCTION            1 (1 positional, 0 keyword pair)
             56 POP_TOP

  8          57 LOAD_NAME                3 (print)
             60 LOAD_NAME                2 (t)
             63 LOAD_ATTR                5 (x)
             66 CALL_FUNCTION            1 (1 positional, 0 keyword pair)
             69 POP_TOP
             70 LOAD_CONST               2 (None)
             73 RETURN_VALUE
-- stdout ----------
------------------------------ Captured log call -------------------------------
ERROR    byterun.pyvm2:pyvm2.py:235 Caught exception during execution
Traceback (most recent call last):
  File "/Users/gpbu50235/byterun/byterun/pyvm2.py", line 230, in dispatch
    why = bytecode_fn(*arguments)
  File "/Users/gpbu50235/byterun/byterun/pyvm2.py", line 855, in byte_CALL_FUNCTION
    return self.call_function(arg, [], {})
  File "/Users/gpbu50235/byterun/byterun/pyvm2.py", line 896, in call_function
    retval = func(*posargs, **namedargs)
TypeError: __build_class__: func must be a function
__________________________ TestIt.test_bound_methods ___________________________

self = <tests.test_basic.TestIt testMethod=test_bound_methods>

    def test_bound_methods(self):
        self.assert_ok("""\
            class Thing(object):
                def meth(self, x):
                    print(x)
            t = Thing()
            m = t.meth
            m(1815)
>           """)

tests/test_basic.py:436: 
_ _ _ _ _ _ _ _ _ _ _ _ _ _ _ _ _ _ _ _ _ _ _ _ _ _ _ _ _ _ _ _ _ _ _ _ _ _ _ _ 
tests/vmtest.py:85: in assert_ok
    self.assert_same_exception(vm_exc, py_exc)
tests/vmtest.py:95: in assert_same_exception
    self.assertEqual(str(e1), str(e2))
E   AssertionError: '__build_class__: func must be a function' != 'None'
E   - __build_class__: func must be a function
E   + None
----------------------------- Captured stdout call -----------------------------

<code object meth at 0x104841c90, file "<tests.test_basic.TestIt.test_bound_methods>", line 2>
  3           0 LOAD_GLOBAL              0 (print)
              3 LOAD_FAST                1 (x)
              6 CALL_FUNCTION            1 (1 positional, 0 keyword pair)
              9 POP_TOP
             10 LOAD_CONST               0 (None)
             13 RETURN_VALUE

<code object Thing at 0x104841d20, file "<tests.test_basic.TestIt.test_bound_methods>", line 1>
  1           0 LOAD_NAME                0 (__name__)
              3 STORE_NAME               1 (__module__)
              6 LOAD_CONST               0 ('Thing')
              9 STORE_NAME               2 (__qualname__)

  2          12 LOAD_CONST               1 (<code object meth at 0x104841c90, file "<tests.test_basic.TestIt.test_bound_methods>", line 2>)
             15 LOAD_CONST               2 ('Thing.meth')
             18 MAKE_FUNCTION            0
             21 STORE_NAME               3 (meth)
             24 LOAD_CONST               3 (None)
             27 RETURN_VALUE

<code object <module> at 0x1048510c0, file "<tests.test_basic.TestIt.test_bound_methods>", line 1>
  1           0 LOAD_BUILD_CLASS
              1 LOAD_CONST               0 (<code object Thing at 0x104841d20, file "<tests.test_basic.TestIt.test_bound_methods>", line 1>)
              4 LOAD_CONST               1 ('Thing')
              7 MAKE_FUNCTION            0
             10 LOAD_CONST               1 ('Thing')
             13 LOAD_NAME                0 (object)
             16 CALL_FUNCTION            3 (3 positional, 0 keyword pair)
             19 STORE_NAME               1 (Thing)

  4          22 LOAD_NAME                1 (Thing)
             25 CALL_FUNCTION            0 (0 positional, 0 keyword pair)
             28 STORE_NAME               2 (t)

  5          31 LOAD_NAME                2 (t)
             34 LOAD_ATTR                3 (meth)
             37 STORE_NAME               4 (m)

  6          40 LOAD_NAME                4 (m)
             43 LOAD_CONST               2 (1815)
             46 CALL_FUNCTION            1 (1 positional, 0 keyword pair)
             49 POP_TOP
             50 LOAD_CONST               3 (None)
             53 RETURN_VALUE
-- stdout ----------
------------------------------ Captured log call -------------------------------
ERROR    byterun.pyvm2:pyvm2.py:235 Caught exception during execution
Traceback (most recent call last):
  File "/Users/gpbu50235/byterun/byterun/pyvm2.py", line 230, in dispatch
    why = bytecode_fn(*arguments)
  File "/Users/gpbu50235/byterun/byterun/pyvm2.py", line 855, in byte_CALL_FUNCTION
    return self.call_function(arg, [], {})
  File "/Users/gpbu50235/byterun/byterun/pyvm2.py", line 896, in call_function
    retval = func(*posargs, **namedargs)
TypeError: __build_class__: func must be a function
__________________________ TestIt.test_building_stuff __________________________

self = <tests.test_basic.TestIt testMethod=test_building_stuff>

    def test_building_stuff(self):
        self.assert_ok("""\
            print((1+1, 2+2, 3+3))
            """)
        self.assert_ok("""\
            print([1+1, 2+2, 3+3])
            """)
        self.assert_ok("""\
            print({1:1+1, 2:2+2, 3:3+3})
>           """)

tests/test_basic.py:154: 
_ _ _ _ _ _ _ _ _ _ _ _ _ _ _ _ _ _ _ _ _ _ _ _ _ _ _ _ _ _ _ _ _ _ _ _ _ _ _ _ 
tests/vmtest.py:85: in assert_ok
    self.assert_same_exception(vm_exc, py_exc)
tests/vmtest.py:95: in assert_same_exception
    self.assertEqual(str(e1), str(e2))
E   AssertionError: "'int' object is not callable" != 'None'
E   - 'int' object is not callable
E   + None
----------------------------- Captured stdout call -----------------------------

<code object <module> at 0x103efc6f0, file "<tests.test_basic.TestIt.test_building_stuff>", line 1>
  1           0 LOAD_NAME                0 (print)
              3 LOAD_CONST               7 ((2, 4, 6))
              6 CALL_FUNCTION            1 (1 positional, 0 keyword pair)
              9 POP_TOP
             10 LOAD_CONST               3 (None)
             13 RETURN_VALUE
-- stdout ----------
(2, 4, 6)

<code object <module> at 0x103efc540, file "<tests.test_basic.TestIt.test_building_stuff>", line 1>
  1           0 LOAD_NAME                0 (print)
              3 LOAD_CONST               4 (2)
              6 LOAD_CONST               5 (4)
              9 LOAD_CONST               6 (6)
             12 BUILD_LIST               3
             15 CALL_FUNCTION            1 (1 positional, 0 keyword pair)
             18 POP_TOP
             19 LOAD_CONST               3 (None)
             22 RETURN_VALUE
-- stdout ----------
[2, 4, 6]

<code object <module> at 0x103efc6f0, file "<tests.test_basic.TestIt.test_building_stuff>", line 1>
  1           0 LOAD_NAME                0 (print)
              3 LOAD_CONST               0 (1)
              6 LOAD_CONST               4 (2)
              9 LOAD_CONST               1 (2)
             12 LOAD_CONST               5 (4)
             15 LOAD_CONST               2 (3)
             18 LOAD_CONST               6 (6)
             21 BUILD_MAP                3
             24 CALL_FUNCTION            1 (1 positional, 0 keyword pair)
             27 POP_TOP
             28 LOAD_CONST               3 (None)
             31 RETURN_VALUE
-- stdout ----------
------------------------------ Captured log call -------------------------------
ERROR    byterun.pyvm2:pyvm2.py:235 Caught exception during execution
Traceback (most recent call last):
  File "/Users/gpbu50235/byterun/byterun/pyvm2.py", line 230, in dispatch
    why = bytecode_fn(*arguments)
  File "/Users/gpbu50235/byterun/byterun/pyvm2.py", line 855, in byte_CALL_FUNCTION
    return self.call_function(arg, [], {})
  File "/Users/gpbu50235/byterun/byterun/pyvm2.py", line 896, in call_function
    retval = func(*posargs, **namedargs)
TypeError: 'int' object is not callable
______________________ TestIt.test_calling_methods_wrong _______________________

self = <tests.test_basic.TestIt testMethod=test_calling_methods_wrong>

    def test_calling_methods_wrong(self):
        self.assert_ok("""\
            class Thing(object):
                def __init__(self, x):
                    self.x = x
                def meth(self, y):
                    return self.x * y
            thing1 = Thing(2)
            print(Thing.meth(14))
>           """, raises=TypeError)

tests/test_basic.py:299: 
_ _ _ _ _ _ _ _ _ _ _ _ _ _ _ _ _ _ _ _ _ _ _ _ _ _ _ _ _ _ _ _ _ _ _ _ _ _ _ _ 
tests/vmtest.py:85: in assert_ok
    self.assert_same_exception(vm_exc, py_exc)
tests/vmtest.py:95: in assert_same_exception
    self.assertEqual(str(e1), str(e2))
E   AssertionError: '__build_class__: func must be a function' != "meth() missing 1 required positional argument: 'y'"
E   - __build_class__: func must be a function
E   + meth() missing 1 required positional argument: 'y'
----------------------------- Captured stdout call -----------------------------

<code object __init__ at 0x104841c00, file "<tests.test_basic.TestIt.test_calling_methods_wrong>", line 2>
  3           0 LOAD_FAST                1 (x)
              3 LOAD_FAST                0 (self)
              6 STORE_ATTR               0 (x)
              9 LOAD_CONST               0 (None)
             12 RETURN_VALUE

<code object meth at 0x104841f60, file "<tests.test_basic.TestIt.test_calling_methods_wrong>", line 4>
  5           0 LOAD_FAST                0 (self)
              3 LOAD_ATTR                0 (x)
              6 LOAD_FAST                1 (y)
              9 BINARY_MULTIPLY
             10 RETURN_VALUE

<code object Thing at 0x103efc4b0, file "<tests.test_basic.TestIt.test_calling_methods_wrong>", line 1>
  1           0 LOAD_NAME                0 (__name__)
              3 STORE_NAME               1 (__module__)
              6 LOAD_CONST               0 ('Thing')
              9 STORE_NAME               2 (__qualname__)

  2          12 LOAD_CONST               1 (<code object __init__ at 0x104841c00, file "<tests.test_basic.TestIt.test_calling_methods_wrong>", line 2>)
             15 LOAD_CONST               2 ('Thing.__init__')
             18 MAKE_FUNCTION            0
             21 STORE_NAME               3 (__init__)

  4          24 LOAD_CONST               3 (<code object meth at 0x104841f60, file "<tests.test_basic.TestIt.test_calling_methods_wrong>", line 4>)
             27 LOAD_CONST               4 ('Thing.meth')
             30 MAKE_FUNCTION            0
             33 STORE_NAME               4 (meth)
             36 LOAD_CONST               5 (None)
             39 RETURN_VALUE

<code object <module> at 0x103efc660, file "<tests.test_basic.TestIt.test_calling_methods_wrong>", line 1>
  1           0 LOAD_BUILD_CLASS
              1 LOAD_CONST               0 (<code object Thing at 0x103efc4b0, file "<tests.test_basic.TestIt.test_calling_methods_wrong>", line 1>)
              4 LOAD_CONST               1 ('Thing')
              7 MAKE_FUNCTION            0
             10 LOAD_CONST               1 ('Thing')
             13 LOAD_NAME                0 (object)
             16 CALL_FUNCTION            3 (3 positional, 0 keyword pair)
             19 STORE_NAME               1 (Thing)

  6          22 LOAD_NAME                1 (Thing)
             25 LOAD_CONST               2 (2)
             28 CALL_FUNCTION            1 (1 positional, 0 keyword pair)
             31 STORE_NAME               2 (thing1)

  7          34 LOAD_NAME                3 (print)
             37 LOAD_NAME                1 (Thing)
             40 LOAD_ATTR                4 (meth)
             43 LOAD_CONST               3 (14)
             46 CALL_FUNCTION            1 (1 positional, 0 keyword pair)
             49 CALL_FUNCTION            1 (1 positional, 0 keyword pair)
             52 POP_TOP
             53 LOAD_CONST               4 (None)
             56 RETURN_VALUE
-- stdout ----------
------------------------------ Captured log call -------------------------------
ERROR    byterun.pyvm2:pyvm2.py:235 Caught exception during execution
Traceback (most recent call last):
  File "/Users/gpbu50235/byterun/byterun/pyvm2.py", line 230, in dispatch
    why = bytecode_fn(*arguments)
  File "/Users/gpbu50235/byterun/byterun/pyvm2.py", line 855, in byte_CALL_FUNCTION
    return self.call_function(arg, [], {})
  File "/Users/gpbu50235/byterun/byterun/pyvm2.py", line 896, in call_function
    retval = func(*posargs, **namedargs)
TypeError: __build_class__: func must be a function
_____________________ TestIt.test_calling_subclass_methods _____________________

self = <tests.test_basic.TestIt testMethod=test_calling_subclass_methods>

    def test_calling_subclass_methods(self):
        self.assert_ok("""\
            class Thing(object):
                def foo(self):
                    return 17
    
            class SubThing(Thing):
                pass
    
            st = SubThing()
            print(st.foo())
>           """)

tests/test_basic.py:312: 
_ _ _ _ _ _ _ _ _ _ _ _ _ _ _ _ _ _ _ _ _ _ _ _ _ _ _ _ _ _ _ _ _ _ _ _ _ _ _ _ 
tests/vmtest.py:85: in assert_ok
    self.assert_same_exception(vm_exc, py_exc)
tests/vmtest.py:95: in assert_same_exception
    self.assertEqual(str(e1), str(e2))
E   AssertionError: '__build_class__: func must be a function' != 'None'
E   - __build_class__: func must be a function
E   + None
----------------------------- Captured stdout call -----------------------------

<code object foo at 0x104841ed0, file "<tests.test_basic.TestIt.test_calling_subclass_methods>", line 2>
  3           0 LOAD_CONST               1 (17)
              3 RETURN_VALUE

<code object Thing at 0x104841db0, file "<tests.test_basic.TestIt.test_calling_subclass_methods>", line 1>
  1           0 LOAD_NAME                0 (__name__)
              3 STORE_NAME               1 (__module__)
              6 LOAD_CONST               0 ('Thing')
              9 STORE_NAME               2 (__qualname__)

  2          12 LOAD_CONST               1 (<code object foo at 0x104841ed0, file "<tests.test_basic.TestIt.test_calling_subclass_methods>", line 2>)
             15 LOAD_CONST               2 ('Thing.foo')
             18 MAKE_FUNCTION            0
             21 STORE_NAME               3 (foo)
             24 LOAD_CONST               3 (None)
             27 RETURN_VALUE

<code object SubThing at 0x104841e40, file "<tests.test_basic.TestIt.test_calling_subclass_methods>", line 5>
  5           0 LOAD_NAME                0 (__name__)
              3 STORE_NAME               1 (__module__)
              6 LOAD_CONST               0 ('SubThing')
              9 STORE_NAME               2 (__qualname__)

  6          12 LOAD_CONST               1 (None)
             15 RETURN_VALUE

<code object <module> at 0x104851930, file "<tests.test_basic.TestIt.test_calling_subclass_methods>", line 1>
  1           0 LOAD_BUILD_CLASS
              1 LOAD_CONST               0 (<code object Thing at 0x104841db0, file "<tests.test_basic.TestIt.test_calling_subclass_methods>", line 1>)
              4 LOAD_CONST               1 ('Thing')
              7 MAKE_FUNCTION            0
             10 LOAD_CONST               1 ('Thing')
             13 LOAD_NAME                0 (object)
             16 CALL_FUNCTION            3 (3 positional, 0 keyword pair)
             19 STORE_NAME               1 (Thing)

  5          22 LOAD_BUILD_CLASS
             23 LOAD_CONST               2 (<code object SubThing at 0x104841e40, file "<tests.test_basic.TestIt.test_calling_subclass_methods>", line 5>)
             26 LOAD_CONST               3 ('SubThing')
             29 MAKE_FUNCTION            0
             32 LOAD_CONST               3 ('SubThing')
             35 LOAD_NAME                1 (Thing)
             38 CALL_FUNCTION            3 (3 positional, 0 keyword pair)
             41 STORE_NAME               2 (SubThing)

  8          44 LOAD_NAME                2 (SubThing)
             47 CALL_FUNCTION            0 (0 positional, 0 keyword pair)
             50 STORE_NAME               3 (st)

  9          53 LOAD_NAME                4 (print)
             56 LOAD_NAME                3 (st)
             59 LOAD_ATTR                5 (foo)
             62 CALL_FUNCTION            0 (0 positional, 0 keyword pair)
             65 CALL_FUNCTION            1 (1 positional, 0 keyword pair)
             68 POP_TOP
             69 LOAD_CONST               4 (None)
             72 RETURN_VALUE
-- stdout ----------
------------------------------ Captured log call -------------------------------
ERROR    byterun.pyvm2:pyvm2.py:235 Caught exception during execution
Traceback (most recent call last):
  File "/Users/gpbu50235/byterun/byterun/pyvm2.py", line 230, in dispatch
    why = bytecode_fn(*arguments)
  File "/Users/gpbu50235/byterun/byterun/pyvm2.py", line 855, in byte_CALL_FUNCTION
    return self.call_function(arg, [], {})
  File "/Users/gpbu50235/byterun/byterun/pyvm2.py", line 896, in call_function
    retval = func(*posargs, **namedargs)
TypeError: __build_class__: func must be a function
_____________________________ TestIt.test_classes ______________________________

self = <tests.test_basic.TestIt testMethod=test_classes>

    def test_classes(self):
        self.assert_ok("""\
            class Thing(object):
                def __init__(self, x):
                    self.x = x
                def meth(self, y):
                    return self.x * y
            thing1 = Thing(2)
            thing2 = Thing(3)
            print(thing1.x, thing2.x)
            print(thing1.meth(4), thing2.meth(5))
>           """)

tests/test_basic.py:288: 
_ _ _ _ _ _ _ _ _ _ _ _ _ _ _ _ _ _ _ _ _ _ _ _ _ _ _ _ _ _ _ _ _ _ _ _ _ _ _ _ 
tests/vmtest.py:85: in assert_ok
    self.assert_same_exception(vm_exc, py_exc)
tests/vmtest.py:95: in assert_same_exception
    self.assertEqual(str(e1), str(e2))
E   AssertionError: '__build_class__: func must be a function' != 'None'
E   - __build_class__: func must be a function
E   + None
----------------------------- Captured stdout call -----------------------------

<code object __init__ at 0x104851300, file "<tests.test_basic.TestIt.test_classes>", line 2>
  3           0 LOAD_FAST                1 (x)
              3 LOAD_FAST                0 (self)
              6 STORE_ATTR               0 (x)
              9 LOAD_CONST               0 (None)
             12 RETURN_VALUE

<code object meth at 0x104851420, file "<tests.test_basic.TestIt.test_classes>", line 4>
  5           0 LOAD_FAST                0 (self)
              3 LOAD_ATTR                0 (x)
              6 LOAD_FAST                1 (y)
              9 BINARY_MULTIPLY
             10 RETURN_VALUE

<code object Thing at 0x1048514b0, file "<tests.test_basic.TestIt.test_classes>", line 1>
  1           0 LOAD_NAME                0 (__name__)
              3 STORE_NAME               1 (__module__)
              6 LOAD_CONST               0 ('Thing')
              9 STORE_NAME               2 (__qualname__)

  2          12 LOAD_CONST               1 (<code object __init__ at 0x104851300, file "<tests.test_basic.TestIt.test_classes>", line 2>)
             15 LOAD_CONST               2 ('Thing.__init__')
             18 MAKE_FUNCTION            0
             21 STORE_NAME               3 (__init__)

  4          24 LOAD_CONST               3 (<code object meth at 0x104851420, file "<tests.test_basic.TestIt.test_classes>", line 4>)
             27 LOAD_CONST               4 ('Thing.meth')
             30 MAKE_FUNCTION            0
             33 STORE_NAME               4 (meth)
             36 LOAD_CONST               5 (None)
             39 RETURN_VALUE

<code object <module> at 0x104851ed0, file "<tests.test_basic.TestIt.test_classes>", line 1>
  1           0 LOAD_BUILD_CLASS
              1 LOAD_CONST               0 (<code object Thing at 0x1048514b0, file "<tests.test_basic.TestIt.test_classes>", line 1>)
              4 LOAD_CONST               1 ('Thing')
              7 MAKE_FUNCTION            0
             10 LOAD_CONST               1 ('Thing')
             13 LOAD_NAME                0 (object)
             16 CALL_FUNCTION            3 (3 positional, 0 keyword pair)
             19 STORE_NAME               1 (Thing)

  6          22 LOAD_NAME                1 (Thing)
             25 LOAD_CONST               2 (2)
             28 CALL_FUNCTION            1 (1 positional, 0 keyword pair)
             31 STORE_NAME               2 (thing1)

  7          34 LOAD_NAME                1 (Thing)
             37 LOAD_CONST               3 (3)
             40 CALL_FUNCTION            1 (1 positional, 0 keyword pair)
             43 STORE_NAME               3 (thing2)

  8          46 LOAD_NAME                4 (print)
             49 LOAD_NAME                2 (thing1)
             52 LOAD_ATTR                5 (x)
             55 LOAD_NAME                3 (thing2)
             58 LOAD_ATTR                5 (x)
             61 CALL_FUNCTION            2 (2 positional, 0 keyword pair)
             64 POP_TOP

  9          65 LOAD_NAME                4 (print)
             68 LOAD_NAME                2 (thing1)
             71 LOAD_ATTR                6 (meth)
             74 LOAD_CONST               4 (4)
             77 CALL_FUNCTION            1 (1 positional, 0 keyword pair)
             80 LOAD_NAME                3 (thing2)
             83 LOAD_ATTR                6 (meth)
             86 LOAD_CONST               5 (5)
             89 CALL_FUNCTION            1 (1 positional, 0 keyword pair)
             92 CALL_FUNCTION            2 (2 positional, 0 keyword pair)
             95 POP_TOP
             96 LOAD_CONST               6 (None)
             99 RETURN_VALUE
-- stdout ----------
------------------------------ Captured log call -------------------------------
ERROR    byterun.pyvm2:pyvm2.py:235 Caught exception during execution
Traceback (most recent call last):
  File "/Users/gpbu50235/byterun/byterun/pyvm2.py", line 230, in dispatch
    why = bytecode_fn(*arguments)
  File "/Users/gpbu50235/byterun/byterun/pyvm2.py", line 855, in byte_CALL_FUNCTION
    return self.call_function(arg, [], {})
  File "/Users/gpbu50235/byterun/byterun/pyvm2.py", line 896, in call_function
    retval = func(*posargs, **namedargs)
TypeError: __build_class__: func must be a function
___________ TestIt.test_data_descriptors_precede_instance_attributes ___________

self = <tests.test_basic.TestIt testMethod=test_data_descriptors_precede_instance_attributes>

    def test_data_descriptors_precede_instance_attributes(self):
        self.assert_ok("""\
            class Foo(object):
                pass
            f = Foo()
            f.des = 3
            class Descr(object):
                def __get__(self, obj, cls=None):
                    return 2
                def __set__(self, obj, val):
                    raise NotImplementedError
            Foo.des = Descr()
            assert f.des == 2
>           """)

tests/test_basic.py:358: 
_ _ _ _ _ _ _ _ _ _ _ _ _ _ _ _ _ _ _ _ _ _ _ _ _ _ _ _ _ _ _ _ _ _ _ _ _ _ _ _ 
tests/vmtest.py:85: in assert_ok
    self.assert_same_exception(vm_exc, py_exc)
tests/vmtest.py:95: in assert_same_exception
    self.assertEqual(str(e1), str(e2))
E   AssertionError: '__build_class__: func must be a function' != 'None'
E   - __build_class__: func must be a function
E   + None
----------------------------- Captured stdout call -----------------------------

<code object Foo at 0x104841ae0, file "<tests.test_basic.TestIt.test_data_descriptors_precede_instance_attributes>", line 1>
  1           0 LOAD_NAME                0 (__name__)
              3 STORE_NAME               1 (__module__)
              6 LOAD_CONST               0 ('Foo')
              9 STORE_NAME               2 (__qualname__)

  2          12 LOAD_CONST               1 (None)
             15 RETURN_VALUE

<code object __get__ at 0x104841db0, file "<tests.test_basic.TestIt.test_data_descriptors_precede_instance_attributes>", line 6>
  7           0 LOAD_CONST               1 (2)
              3 RETURN_VALUE

<code object __set__ at 0x104841b70, file "<tests.test_basic.TestIt.test_data_descriptors_precede_instance_attributes>", line 8>
  9           0 LOAD_GLOBAL              0 (NotImplementedError)
              3 RAISE_VARARGS            1
              6 LOAD_CONST               0 (None)
              9 RETURN_VALUE

<code object Descr at 0x103cc1e40, file "<tests.test_basic.TestIt.test_data_descriptors_precede_instance_attributes>", line 5>
  5           0 LOAD_NAME                0 (__name__)
              3 STORE_NAME               1 (__module__)
              6 LOAD_CONST               0 ('Descr')
              9 STORE_NAME               2 (__qualname__)

  6          12 LOAD_CONST               1 (None)
             15 LOAD_CONST               2 (<code object __get__ at 0x104841db0, file "<tests.test_basic.TestIt.test_data_descriptors_precede_instance_attributes>", line 6>)
             18 LOAD_CONST               3 ('Descr.__get__')
             21 MAKE_FUNCTION            1
             24 STORE_NAME               3 (__get__)

  8          27 LOAD_CONST               4 (<code object __set__ at 0x104841b70, file "<tests.test_basic.TestIt.test_data_descriptors_precede_instance_attributes>", line 8>)
             30 LOAD_CONST               5 ('Descr.__set__')
             33 MAKE_FUNCTION            0
             36 STORE_NAME               4 (__set__)
             39 LOAD_CONST               1 (None)
             42 RETURN_VALUE

<code object <module> at 0x103efc660, file "<tests.test_basic.TestIt.test_data_descriptors_precede_instance_attributes>", line 1>
  1           0 LOAD_BUILD_CLASS
              1 LOAD_CONST               0 (<code object Foo at 0x104841ae0, file "<tests.test_basic.TestIt.test_data_descriptors_precede_instance_attributes>", line 1>)
              4 LOAD_CONST               1 ('Foo')
              7 MAKE_FUNCTION            0
             10 LOAD_CONST               1 ('Foo')
             13 LOAD_NAME                0 (object)
             16 CALL_FUNCTION            3 (3 positional, 0 keyword pair)
             19 STORE_NAME               1 (Foo)

  3          22 LOAD_NAME                1 (Foo)
             25 CALL_FUNCTION            0 (0 positional, 0 keyword pair)
             28 STORE_NAME               2 (f)

  4          31 LOAD_CONST               2 (3)
             34 LOAD_NAME                2 (f)
             37 STORE_ATTR               3 (des)

  5          40 LOAD_BUILD_CLASS
             41 LOAD_CONST               3 (<code object Descr at 0x103cc1e40, file "<tests.test_basic.TestIt.test_data_descriptors_precede_instance_attributes>", line 5>)
             44 LOAD_CONST               4 ('Descr')
             47 MAKE_FUNCTION            0
             50 LOAD_CONST               4 ('Descr')
             53 LOAD_NAME                0 (object)
             56 CALL_FUNCTION            3 (3 positional, 0 keyword pair)
             59 STORE_NAME               4 (Descr)

 10          62 LOAD_NAME                4 (Descr)
             65 CALL_FUNCTION            0 (0 positional, 0 keyword pair)
             68 LOAD_NAME                1 (Foo)
             71 STORE_ATTR               3 (des)

 11          74 LOAD_NAME                2 (f)
             77 LOAD_ATTR                3 (des)
             80 LOAD_CONST               5 (2)
             83 COMPARE_OP               2 (==)
             86 POP_JUMP_IF_TRUE        95
             89 LOAD_GLOBAL              5 (AssertionError)
             92 RAISE_VARARGS            1
        >>   95 LOAD_CONST               6 (None)
             98 RETURN_VALUE
-- stdout ----------
------------------------------ Captured log call -------------------------------
ERROR    byterun.pyvm2:pyvm2.py:235 Caught exception during execution
Traceback (most recent call last):
  File "/Users/gpbu50235/byterun/byterun/pyvm2.py", line 230, in dispatch
    why = bytecode_fn(*arguments)
  File "/Users/gpbu50235/byterun/byterun/pyvm2.py", line 855, in byte_CALL_FUNCTION
    return self.call_function(arg, [], {})
  File "/Users/gpbu50235/byterun/byterun/pyvm2.py", line 896, in call_function
    retval = func(*posargs, **namedargs)
TypeError: __build_class__: func must be a function
________________________ TestIt.test_dict_comprehension ________________________

self = <tests.test_basic.TestIt testMethod=test_dict_comprehension>

    def test_dict_comprehension(self):
        self.assert_ok("""\
            x = {z:z*z for z in range(5)}
            assert x == {0:0, 1:1, 2:4, 3:9, 4:16}
>           """)

tests/test_basic.py:200: 
_ _ _ _ _ _ _ _ _ _ _ _ _ _ _ _ _ _ _ _ _ _ _ _ _ _ _ _ _ _ _ _ _ _ _ _ _ _ _ _ 
tests/vmtest.py:85: in assert_ok
    self.assert_same_exception(vm_exc, py_exc)
tests/vmtest.py:95: in assert_same_exception
    self.assertEqual(str(e1), str(e2))
E   AssertionError: 'unsupported callable' != 'None'
E   - unsupported callable
E   + None
----------------------------- Captured stdout call -----------------------------

<code object <dictcomp> at 0x10485c810, file "<tests.test_basic.TestIt.test_dict_comprehension>", line 1>
  1           0 BUILD_MAP                0
              3 LOAD_FAST                0 (.0)
        >>    6 FOR_ITER                19 (to 28)
              9 STORE_FAST               1 (z)
             12 LOAD_FAST                1 (z)
             15 LOAD_FAST                1 (z)
             18 BINARY_MULTIPLY
             19 LOAD_FAST                1 (z)
             22 MAP_ADD                  2
             25 JUMP_ABSOLUTE            6
        >>   28 RETURN_VALUE

<code object <module> at 0x10485c780, file "<tests.test_basic.TestIt.test_dict_comprehension>", line 1>
  1           0 LOAD_CONST               0 (<code object <dictcomp> at 0x10485c810, file "<tests.test_basic.TestIt.test_dict_comprehension>", line 1>)
              3 LOAD_CONST               1 ('<dictcomp>')
              6 MAKE_FUNCTION            0
              9 LOAD_NAME                0 (range)
             12 LOAD_CONST               2 (5)
             15 CALL_FUNCTION            1 (1 positional, 0 keyword pair)
             18 GET_ITER
             19 CALL_FUNCTION            1 (1 positional, 0 keyword pair)
             22 STORE_NAME               1 (x)

  2          25 LOAD_NAME                1 (x)
             28 LOAD_CONST               3 (0)
             31 LOAD_CONST               3 (0)
             34 LOAD_CONST               4 (1)
             37 LOAD_CONST               4 (1)
             40 LOAD_CONST               5 (2)
             43 LOAD_CONST               6 (4)
             46 LOAD_CONST               7 (3)
             49 LOAD_CONST               8 (9)
             52 LOAD_CONST               6 (4)
             55 LOAD_CONST               9 (16)
             58 BUILD_MAP                5
             61 COMPARE_OP               2 (==)
             64 POP_JUMP_IF_TRUE        73
             67 LOAD_GLOBAL              2 (AssertionError)
             70 RAISE_VARARGS            1
        >>   73 LOAD_CONST              10 (None)
             76 RETURN_VALUE
-- stdout ----------
------------------------------ Captured log call -------------------------------
ERROR    byterun.pyvm2:pyvm2.py:235 Caught exception during execution
Traceback (most recent call last):
  File "/Users/gpbu50235/.pyenv/versions/3.5.10/lib/python3.5/inspect.py", line 1094, in getfullargspec
    sigcls=Signature)
  File "/Users/gpbu50235/.pyenv/versions/3.5.10/lib/python3.5/inspect.py", line 2237, in _signature_from_callable
    return _signature_from_function(sigcls, obj)
  File "/Users/gpbu50235/.pyenv/versions/3.5.10/lib/python3.5/inspect.py", line 2108, in _signature_from_function
    kind=_POSITIONAL_OR_KEYWORD))
  File "/Users/gpbu50235/.pyenv/versions/3.5.10/lib/python3.5/inspect.py", line 2431, in __init__
    raise ValueError('{!r} is not a valid parameter name'.format(name))
ValueError: '.0' is not a valid parameter name

The above exception was the direct cause of the following exception:

Traceback (most recent call last):
  File "/Users/gpbu50235/byterun/byterun/pyvm2.py", line 230, in dispatch
    why = bytecode_fn(*arguments)
  File "/Users/gpbu50235/byterun/byterun/pyvm2.py", line 855, in byte_CALL_FUNCTION
    return self.call_function(arg, [], {})
  File "/Users/gpbu50235/byterun/byterun/pyvm2.py", line 896, in call_function
    retval = func(*posargs, **namedargs)
  File "/Users/gpbu50235/byterun/byterun/pyobj.py", line 57, in __call__
    callargs = inspect.getcallargs(self._func, *args, **kwargs)
  File "/Users/gpbu50235/.pyenv/versions/3.5.10/lib/python3.5/inspect.py", line 1290, in getcallargs
    spec = getfullargspec(func)
  File "/Users/gpbu50235/.pyenv/versions/3.5.10/lib/python3.5/inspect.py", line 1100, in getfullargspec
    raise TypeError('unsupported callable') from ex
TypeError: unsupported callable
_______________________ TestIt.test_generator_expression _______________________

self = <tests.test_basic.TestIt testMethod=test_generator_expression>

    def test_generator_expression(self):
        self.assert_ok("""\
            x = "-".join(str(z) for z in range(5))
            assert x == "0-1-2-3-4"
>           """)

tests/test_basic.py:176: 
_ _ _ _ _ _ _ _ _ _ _ _ _ _ _ _ _ _ _ _ _ _ _ _ _ _ _ _ _ _ _ _ _ _ _ _ _ _ _ _ 
tests/vmtest.py:85: in assert_ok
    self.assert_same_exception(vm_exc, py_exc)
tests/vmtest.py:95: in assert_same_exception
    self.assertEqual(str(e1), str(e2))
E   AssertionError: 'unsupported callable' != 'None'
E   - unsupported callable
E   + None
----------------------------- Captured stdout call -----------------------------

<code object <genexpr> at 0x104841c00, file "<tests.test_basic.TestIt.test_generator_expression>", line 1>
  1           0 LOAD_FAST                0 (.0)
        >>    3 FOR_ITER                17 (to 23)
              6 STORE_FAST               1 (z)
              9 LOAD_GLOBAL              0 (str)
             12 LOAD_FAST                1 (z)
             15 CALL_FUNCTION            1 (1 positional, 0 keyword pair)
             18 YIELD_VALUE
             19 POP_TOP
             20 JUMP_ABSOLUTE            3
        >>   23 LOAD_CONST               0 (None)
             26 RETURN_VALUE

<code object <module> at 0x10485c6f0, file "<tests.test_basic.TestIt.test_generator_expression>", line 1>
  1           0 LOAD_CONST               0 ('-')
              3 LOAD_ATTR                0 (join)
              6 LOAD_CONST               1 (<code object <genexpr> at 0x104841c00, file "<tests.test_basic.TestIt.test_generator_expression>", line 1>)
              9 LOAD_CONST               2 ('<genexpr>')
             12 MAKE_FUNCTION            0
             15 LOAD_NAME                1 (range)
             18 LOAD_CONST               3 (5)
             21 CALL_FUNCTION            1 (1 positional, 0 keyword pair)
             24 GET_ITER
             25 CALL_FUNCTION            1 (1 positional, 0 keyword pair)
             28 CALL_FUNCTION            1 (1 positional, 0 keyword pair)
             31 STORE_NAME               2 (x)

  2          34 LOAD_NAME                2 (x)
             37 LOAD_CONST               4 ('0-1-2-3-4')
             40 COMPARE_OP               2 (==)
             43 POP_JUMP_IF_TRUE        52
             46 LOAD_GLOBAL              3 (AssertionError)
             49 RAISE_VARARGS            1
        >>   52 LOAD_CONST               5 (None)
             55 RETURN_VALUE
-- stdout ----------
------------------------------ Captured log call -------------------------------
ERROR    byterun.pyvm2:pyvm2.py:235 Caught exception during execution
Traceback (most recent call last):
  File "/Users/gpbu50235/.pyenv/versions/3.5.10/lib/python3.5/inspect.py", line 1094, in getfullargspec
    sigcls=Signature)
  File "/Users/gpbu50235/.pyenv/versions/3.5.10/lib/python3.5/inspect.py", line 2237, in _signature_from_callable
    return _signature_from_function(sigcls, obj)
  File "/Users/gpbu50235/.pyenv/versions/3.5.10/lib/python3.5/inspect.py", line 2108, in _signature_from_function
    kind=_POSITIONAL_OR_KEYWORD))
  File "/Users/gpbu50235/.pyenv/versions/3.5.10/lib/python3.5/inspect.py", line 2431, in __init__
    raise ValueError('{!r} is not a valid parameter name'.format(name))
ValueError: '.0' is not a valid parameter name

The above exception was the direct cause of the following exception:

Traceback (most recent call last):
  File "/Users/gpbu50235/byterun/byterun/pyvm2.py", line 230, in dispatch
    why = bytecode_fn(*arguments)
  File "/Users/gpbu50235/byterun/byterun/pyvm2.py", line 855, in byte_CALL_FUNCTION
    return self.call_function(arg, [], {})
  File "/Users/gpbu50235/byterun/byterun/pyvm2.py", line 896, in call_function
    retval = func(*posargs, **namedargs)
  File "/Users/gpbu50235/byterun/byterun/pyobj.py", line 57, in __call__
    callargs = inspect.getcallargs(self._func, *args, **kwargs)
  File "/Users/gpbu50235/.pyenv/versions/3.5.10/lib/python3.5/inspect.py", line 1290, in getcallargs
    spec = getfullargspec(func)
  File "/Users/gpbu50235/.pyenv/versions/3.5.10/lib/python3.5/inspect.py", line 1100, in getfullargspec
    raise TypeError('unsupported callable') from ex
TypeError: unsupported callable
___________ TestIt.test_instance_attrs_precede_non_data_descriptors ____________

self = <tests.test_basic.TestIt testMethod=test_instance_attrs_precede_non_data_descriptors>

    def test_instance_attrs_precede_non_data_descriptors(self):
        self.assert_ok("""\
            class Foo(object):
                pass
            f = Foo()
            f.des = 3
            class Descr(object):
                def __get__(self, obj, cls=None):
                    return 2
            Foo.des = Descr()
            assert f.des == 3
>           """)

tests/test_basic.py:371: 
_ _ _ _ _ _ _ _ _ _ _ _ _ _ _ _ _ _ _ _ _ _ _ _ _ _ _ _ _ _ _ _ _ _ _ _ _ _ _ _ 
tests/vmtest.py:85: in assert_ok
    self.assert_same_exception(vm_exc, py_exc)
tests/vmtest.py:95: in assert_same_exception
    self.assertEqual(str(e1), str(e2))
E   AssertionError: '__build_class__: func must be a function' != 'None'
E   - __build_class__: func must be a function
E   + None
----------------------------- Captured stdout call -----------------------------

<code object Foo at 0x104851c90, file "<tests.test_basic.TestIt.test_instance_attrs_precede_non_data_descriptors>", line 1>
  1           0 LOAD_NAME                0 (__name__)
              3 STORE_NAME               1 (__module__)
              6 LOAD_CONST               0 ('Foo')
              9 STORE_NAME               2 (__qualname__)

  2          12 LOAD_CONST               1 (None)
             15 RETURN_VALUE

<code object __get__ at 0x104851b70, file "<tests.test_basic.TestIt.test_instance_attrs_precede_non_data_descriptors>", line 6>
  7           0 LOAD_CONST               1 (2)
              3 RETURN_VALUE

<code object Descr at 0x104851780, file "<tests.test_basic.TestIt.test_instance_attrs_precede_non_data_descriptors>", line 5>
  5           0 LOAD_NAME                0 (__name__)
              3 STORE_NAME               1 (__module__)
              6 LOAD_CONST               0 ('Descr')
              9 STORE_NAME               2 (__qualname__)

  6          12 LOAD_CONST               1 (None)
             15 LOAD_CONST               2 (<code object __get__ at 0x104851b70, file "<tests.test_basic.TestIt.test_instance_attrs_precede_non_data_descriptors>", line 6>)
             18 LOAD_CONST               3 ('Descr.__get__')
             21 MAKE_FUNCTION            1
             24 STORE_NAME               3 (__get__)
             27 LOAD_CONST               1 (None)
             30 RETURN_VALUE

<code object <module> at 0x10485c150, file "<tests.test_basic.TestIt.test_instance_attrs_precede_non_data_descriptors>", line 1>
  1           0 LOAD_BUILD_CLASS
              1 LOAD_CONST               0 (<code object Foo at 0x104851c90, file "<tests.test_basic.TestIt.test_instance_attrs_precede_non_data_descriptors>", line 1>)
              4 LOAD_CONST               1 ('Foo')
              7 MAKE_FUNCTION            0
             10 LOAD_CONST               1 ('Foo')
             13 LOAD_NAME                0 (object)
             16 CALL_FUNCTION            3 (3 positional, 0 keyword pair)
             19 STORE_NAME               1 (Foo)

  3          22 LOAD_NAME                1 (Foo)
             25 CALL_FUNCTION            0 (0 positional, 0 keyword pair)
             28 STORE_NAME               2 (f)

  4          31 LOAD_CONST               2 (3)
             34 LOAD_NAME                2 (f)
             37 STORE_ATTR               3 (des)

  5          40 LOAD_BUILD_CLASS
             41 LOAD_CONST               3 (<code object Descr at 0x104851780, file "<tests.test_basic.TestIt.test_instance_attrs_precede_non_data_descriptors>", line 5>)
             44 LOAD_CONST               4 ('Descr')
             47 MAKE_FUNCTION            0
             50 LOAD_CONST               4 ('Descr')
             53 LOAD_NAME                0 (object)
             56 CALL_FUNCTION            3 (3 positional, 0 keyword pair)
             59 STORE_NAME               4 (Descr)

  8          62 LOAD_NAME                4 (Descr)
             65 CALL_FUNCTION            0 (0 positional, 0 keyword pair)
             68 LOAD_NAME                1 (Foo)
             71 STORE_ATTR               3 (des)

  9          74 LOAD_NAME                2 (f)
             77 LOAD_ATTR                3 (des)
             80 LOAD_CONST               2 (3)
             83 COMPARE_OP               2 (==)
             86 POP_JUMP_IF_TRUE        95
             89 LOAD_GLOBAL              5 (AssertionError)
             92 RAISE_VARARGS            1
        >>   95 LOAD_CONST               5 (None)
             98 RETURN_VALUE
-- stdout ----------
------------------------------ Captured log call -------------------------------
ERROR    byterun.pyvm2:pyvm2.py:235 Caught exception during execution
Traceback (most recent call last):
  File "/Users/gpbu50235/byterun/byterun/pyvm2.py", line 230, in dispatch
    why = bytecode_fn(*arguments)
  File "/Users/gpbu50235/byterun/byterun/pyvm2.py", line 855, in byte_CALL_FUNCTION
    return self.call_function(arg, [], {})
  File "/Users/gpbu50235/byterun/byterun/pyvm2.py", line 896, in call_function
    retval = func(*posargs, **namedargs)
TypeError: __build_class__: func must be a function
________________________ TestIt.test_list_comprehension ________________________

self = <tests.test_basic.TestIt testMethod=test_list_comprehension>

    def test_list_comprehension(self):
        self.assert_ok("""\
            x = [z*z for z in range(5)]
            assert x == [0, 1, 4, 9, 16]
>           """)

tests/test_basic.py:194: 
_ _ _ _ _ _ _ _ _ _ _ _ _ _ _ _ _ _ _ _ _ _ _ _ _ _ _ _ _ _ _ _ _ _ _ _ _ _ _ _ 
tests/vmtest.py:85: in assert_ok
    self.assert_same_exception(vm_exc, py_exc)
tests/vmtest.py:95: in assert_same_exception
    self.assertEqual(str(e1), str(e2))
E   AssertionError: 'unsupported callable' != 'None'
E   - unsupported callable
E   + None
----------------------------- Captured stdout call -----------------------------

<code object <listcomp> at 0x104841f60, file "<tests.test_basic.TestIt.test_list_comprehension>", line 1>
  1           0 BUILD_LIST               0
              3 LOAD_FAST                0 (.0)
        >>    6 FOR_ITER                16 (to 25)
              9 STORE_FAST               1 (z)
             12 LOAD_FAST                1 (z)
             15 LOAD_FAST                1 (z)
             18 BINARY_MULTIPLY
             19 LIST_APPEND              2
             22 JUMP_ABSOLUTE            6
        >>   25 RETURN_VALUE

<code object <module> at 0x103efc4b0, file "<tests.test_basic.TestIt.test_list_comprehension>", line 1>
  1           0 LOAD_CONST               0 (<code object <listcomp> at 0x104841f60, file "<tests.test_basic.TestIt.test_list_comprehension>", line 1>)
              3 LOAD_CONST               1 ('<listcomp>')
              6 MAKE_FUNCTION            0
              9 LOAD_NAME                0 (range)
             12 LOAD_CONST               2 (5)
             15 CALL_FUNCTION            1 (1 positional, 0 keyword pair)
             18 GET_ITER
             19 CALL_FUNCTION            1 (1 positional, 0 keyword pair)
             22 STORE_NAME               1 (x)

  2          25 LOAD_NAME                1 (x)
             28 LOAD_CONST               3 (0)
             31 LOAD_CONST               4 (1)
             34 LOAD_CONST               5 (4)
             37 LOAD_CONST               6 (9)
             40 LOAD_CONST               7 (16)
             43 BUILD_LIST               5
             46 COMPARE_OP               2 (==)
             49 POP_JUMP_IF_TRUE        58
             52 LOAD_GLOBAL              2 (AssertionError)
             55 RAISE_VARARGS            1
        >>   58 LOAD_CONST               8 (None)
             61 RETURN_VALUE
-- stdout ----------
------------------------------ Captured log call -------------------------------
ERROR    byterun.pyvm2:pyvm2.py:235 Caught exception during execution
Traceback (most recent call last):
  File "/Users/gpbu50235/.pyenv/versions/3.5.10/lib/python3.5/inspect.py", line 1094, in getfullargspec
    sigcls=Signature)
  File "/Users/gpbu50235/.pyenv/versions/3.5.10/lib/python3.5/inspect.py", line 2237, in _signature_from_callable
    return _signature_from_function(sigcls, obj)
  File "/Users/gpbu50235/.pyenv/versions/3.5.10/lib/python3.5/inspect.py", line 2108, in _signature_from_function
    kind=_POSITIONAL_OR_KEYWORD))
  File "/Users/gpbu50235/.pyenv/versions/3.5.10/lib/python3.5/inspect.py", line 2431, in __init__
    raise ValueError('{!r} is not a valid parameter name'.format(name))
ValueError: '.0' is not a valid parameter name

The above exception was the direct cause of the following exception:

Traceback (most recent call last):
  File "/Users/gpbu50235/byterun/byterun/pyvm2.py", line 230, in dispatch
    why = bytecode_fn(*arguments)
  File "/Users/gpbu50235/byterun/byterun/pyvm2.py", line 855, in byte_CALL_FUNCTION
    return self.call_function(arg, [], {})
  File "/Users/gpbu50235/byterun/byterun/pyvm2.py", line 896, in call_function
    retval = func(*posargs, **namedargs)
  File "/Users/gpbu50235/byterun/byterun/pyobj.py", line 57, in __call__
    callargs = inspect.getcallargs(self._func, *args, **kwargs)
  File "/Users/gpbu50235/.pyenv/versions/3.5.10/lib/python3.5/inspect.py", line 1290, in getcallargs
    spec = getfullargspec(func)
  File "/Users/gpbu50235/.pyenv/versions/3.5.10/lib/python3.5/inspect.py", line 1100, in getfullargspec
    raise TypeError('unsupported callable') from ex
TypeError: unsupported callable
_________________________ TestIt.test_multiple_classes _________________________

self = <tests.test_basic.TestIt testMethod=test_multiple_classes>

    def test_multiple_classes(self):
        # Making classes used to mix together all the class-scoped values
        # across classes.  This test would fail because A.__init__ would be
        # over-written with B.__init__, and A(1, 2, 3) would complain about
        # too many arguments.
        self.assert_ok("""\
            class A(object):
                def __init__(self, a, b, c):
                    self.sum = a + b + c
    
            class B(object):
                def __init__(self, x):
                    self.x = x
    
            a = A(1, 2, 3)
            b = B(7)
            print(a.sum)
            print(b.x)
>           """)

tests/test_basic.py:526: 
_ _ _ _ _ _ _ _ _ _ _ _ _ _ _ _ _ _ _ _ _ _ _ _ _ _ _ _ _ _ _ _ _ _ _ _ _ _ _ _ 
tests/vmtest.py:85: in assert_ok
    self.assert_same_exception(vm_exc, py_exc)
tests/vmtest.py:95: in assert_same_exception
    self.assertEqual(str(e1), str(e2))
E   AssertionError: '__build_class__: func must be a function' != 'None'
E   - __build_class__: func must be a function
E   + None
----------------------------- Captured stdout call -----------------------------

<code object __init__ at 0x10485c6f0, file "<tests.test_basic.TestIt.test_multiple_classes>", line 2>
  3           0 LOAD_FAST                1 (a)
              3 LOAD_FAST                2 (b)
              6 BINARY_ADD
              7 LOAD_FAST                3 (c)
             10 BINARY_ADD
             11 LOAD_FAST                0 (self)
             14 STORE_ATTR               0 (sum)
             17 LOAD_CONST               0 (None)
             20 RETURN_VALUE

<code object A at 0x10485c5d0, file "<tests.test_basic.TestIt.test_multiple_classes>", line 1>
  1           0 LOAD_NAME                0 (__name__)
              3 STORE_NAME               1 (__module__)
              6 LOAD_CONST               0 ('A')
              9 STORE_NAME               2 (__qualname__)

  2          12 LOAD_CONST               1 (<code object __init__ at 0x10485c6f0, file "<tests.test_basic.TestIt.test_multiple_classes>", line 2>)
             15 LOAD_CONST               2 ('A.__init__')
             18 MAKE_FUNCTION            0
             21 STORE_NAME               3 (__init__)
             24 LOAD_CONST               3 (None)
             27 RETURN_VALUE

<code object __init__ at 0x10485ca50, file "<tests.test_basic.TestIt.test_multiple_classes>", line 6>
  7           0 LOAD_FAST                1 (x)
              3 LOAD_FAST                0 (self)
              6 STORE_ATTR               0 (x)
              9 LOAD_CONST               0 (None)
             12 RETURN_VALUE

<code object B at 0x10485c780, file "<tests.test_basic.TestIt.test_multiple_classes>", line 5>
  5           0 LOAD_NAME                0 (__name__)
              3 STORE_NAME               1 (__module__)
              6 LOAD_CONST               0 ('B')
              9 STORE_NAME               2 (__qualname__)

  6          12 LOAD_CONST               1 (<code object __init__ at 0x10485ca50, file "<tests.test_basic.TestIt.test_multiple_classes>", line 6>)
             15 LOAD_CONST               2 ('B.__init__')
             18 MAKE_FUNCTION            0
             21 STORE_NAME               3 (__init__)
             24 LOAD_CONST               3 (None)
             27 RETURN_VALUE

<code object <module> at 0x10485c8a0, file "<tests.test_basic.TestIt.test_multiple_classes>", line 1>
  1           0 LOAD_BUILD_CLASS
              1 LOAD_CONST               0 (<code object A at 0x10485c5d0, file "<tests.test_basic.TestIt.test_multiple_classes>", line 1>)
              4 LOAD_CONST               1 ('A')
              7 MAKE_FUNCTION            0
             10 LOAD_CONST               1 ('A')
             13 LOAD_NAME                0 (object)
             16 CALL_FUNCTION            3 (3 positional, 0 keyword pair)
             19 STORE_NAME               1 (A)

  5          22 LOAD_BUILD_CLASS
             23 LOAD_CONST               2 (<code object B at 0x10485c780, file "<tests.test_basic.TestIt.test_multiple_classes>", line 5>)
             26 LOAD_CONST               3 ('B')
             29 MAKE_FUNCTION            0
             32 LOAD_CONST               3 ('B')
             35 LOAD_NAME                0 (object)
             38 CALL_FUNCTION            3 (3 positional, 0 keyword pair)
             41 STORE_NAME               2 (B)

  9          44 LOAD_NAME                1 (A)
             47 LOAD_CONST               4 (1)
             50 LOAD_CONST               5 (2)
             53 LOAD_CONST               6 (3)
             56 CALL_FUNCTION            3 (3 positional, 0 keyword pair)
             59 STORE_NAME               3 (a)

 10          62 LOAD_NAME                2 (B)
             65 LOAD_CONST               7 (7)
             68 CALL_FUNCTION            1 (1 positional, 0 keyword pair)
             71 STORE_NAME               4 (b)

 11          74 LOAD_NAME                5 (print)
             77 LOAD_NAME                3 (a)
             80 LOAD_ATTR                6 (sum)
             83 CALL_FUNCTION            1 (1 positional, 0 keyword pair)
             86 POP_TOP

 12          87 LOAD_NAME                5 (print)
             90 LOAD_NAME                4 (b)
             93 LOAD_ATTR                7 (x)
             96 CALL_FUNCTION            1 (1 positional, 0 keyword pair)
             99 POP_TOP
            100 LOAD_CONST               8 (None)
            103 RETURN_VALUE
-- stdout ----------
------------------------------ Captured log call -------------------------------
ERROR    byterun.pyvm2:pyvm2.py:235 Caught exception during execution
Traceback (most recent call last):
  File "/Users/gpbu50235/byterun/byterun/pyvm2.py", line 230, in dispatch
    why = bytecode_fn(*arguments)
  File "/Users/gpbu50235/byterun/byterun/pyvm2.py", line 855, in byte_CALL_FUNCTION
    return self.call_function(arg, [], {})
  File "/Users/gpbu50235/byterun/byterun/pyvm2.py", line 896, in call_function
    retval = func(*posargs, **namedargs)
TypeError: __build_class__: func must be a function
________________ TestIt.test_object_attrs_not_shared_with_class ________________

self = <tests.test_basic.TestIt testMethod=test_object_attrs_not_shared_with_class>

    def test_object_attrs_not_shared_with_class(self):
        self.assert_ok("""\
            class Thing(object):
                pass
            t = Thing()
            t.foo = 1
>           Thing.foo""", raises=AttributeError)

tests/test_basic.py:343: 
_ _ _ _ _ _ _ _ _ _ _ _ _ _ _ _ _ _ _ _ _ _ _ _ _ _ _ _ _ _ _ _ _ _ _ _ _ _ _ _ 
tests/vmtest.py:85: in assert_ok
    self.assert_same_exception(vm_exc, py_exc)
tests/vmtest.py:95: in assert_same_exception
    self.assertEqual(str(e1), str(e2))
E   AssertionError: '__build_class__: func must be a function' != "type object 'Thing' has no attribute 'foo'"
E   - __build_class__: func must be a function
E   + type object 'Thing' has no attribute 'foo'
----------------------------- Captured stdout call -----------------------------

<code object Thing at 0x10485c540, file "<tests.test_basic.TestIt.test_object_attrs_not_shared_with_class>", line 1>
  1           0 LOAD_NAME                0 (__name__)
              3 STORE_NAME               1 (__module__)
              6 LOAD_CONST               0 ('Thing')
              9 STORE_NAME               2 (__qualname__)

  2          12 LOAD_CONST               1 (None)
             15 RETURN_VALUE

<code object <module> at 0x1048515d0, file "<tests.test_basic.TestIt.test_object_attrs_not_shared_with_class>", line 1>
  1           0 LOAD_BUILD_CLASS
              1 LOAD_CONST               0 (<code object Thing at 0x10485c540, file "<tests.test_basic.TestIt.test_object_attrs_not_shared_with_class>", line 1>)
              4 LOAD_CONST               1 ('Thing')
              7 MAKE_FUNCTION            0
             10 LOAD_CONST               1 ('Thing')
             13 LOAD_NAME                0 (object)
             16 CALL_FUNCTION            3 (3 positional, 0 keyword pair)
             19 STORE_NAME               1 (Thing)

  3          22 LOAD_NAME                1 (Thing)
             25 CALL_FUNCTION            0 (0 positional, 0 keyword pair)
             28 STORE_NAME               2 (t)

  4          31 LOAD_CONST               2 (1)
             34 LOAD_NAME                2 (t)
             37 STORE_ATTR               3 (foo)

  5          40 LOAD_NAME                1 (Thing)
             43 LOAD_ATTR                3 (foo)
             46 POP_TOP
             47 LOAD_CONST               3 (None)
             50 RETURN_VALUE
-- stdout ----------
------------------------------ Captured log call -------------------------------
ERROR    byterun.pyvm2:pyvm2.py:235 Caught exception during execution
Traceback (most recent call last):
  File "/Users/gpbu50235/byterun/byterun/pyvm2.py", line 230, in dispatch
    why = bytecode_fn(*arguments)
  File "/Users/gpbu50235/byterun/byterun/pyvm2.py", line 855, in byte_CALL_FUNCTION
    return self.call_function(arg, [], {})
  File "/Users/gpbu50235/byterun/byterun/pyvm2.py", line 896, in call_function
    retval = func(*posargs, **namedargs)
TypeError: __build_class__: func must be a function
________________________ TestIt.test_set_comprehension _________________________

self = <tests.test_basic.TestIt testMethod=test_set_comprehension>

    def test_set_comprehension(self):
        self.assert_ok("""\
            x = {z*z for z in range(5)}
            assert x == {0, 1, 4, 9, 16}
>           """)

tests/test_basic.py:206: 
_ _ _ _ _ _ _ _ _ _ _ _ _ _ _ _ _ _ _ _ _ _ _ _ _ _ _ _ _ _ _ _ _ _ _ _ _ _ _ _ 
tests/vmtest.py:85: in assert_ok
    self.assert_same_exception(vm_exc, py_exc)
tests/vmtest.py:95: in assert_same_exception
    self.assertEqual(str(e1), str(e2))
E   AssertionError: 'unsupported callable' != 'None'
E   - unsupported callable
E   + None
----------------------------- Captured stdout call -----------------------------

<code object <setcomp> at 0x104886e40, file "<tests.test_basic.TestIt.test_set_comprehension>", line 1>
  1           0 BUILD_SET                0
              3 LOAD_FAST                0 (.0)
        >>    6 FOR_ITER                16 (to 25)
              9 STORE_FAST               1 (z)
             12 LOAD_FAST                1 (z)
             15 LOAD_FAST                1 (z)
             18 BINARY_MULTIPLY
             19 SET_ADD                  2
             22 JUMP_ABSOLUTE            6
        >>   25 RETURN_VALUE

<code object <module> at 0x1048869c0, file "<tests.test_basic.TestIt.test_set_comprehension>", line 1>
  1           0 LOAD_CONST               0 (<code object <setcomp> at 0x104886e40, file "<tests.test_basic.TestIt.test_set_comprehension>", line 1>)
              3 LOAD_CONST               1 ('<setcomp>')
              6 MAKE_FUNCTION            0
              9 LOAD_NAME                0 (range)
             12 LOAD_CONST               2 (5)
             15 CALL_FUNCTION            1 (1 positional, 0 keyword pair)
             18 GET_ITER
             19 CALL_FUNCTION            1 (1 positional, 0 keyword pair)
             22 STORE_NAME               1 (x)

  2          25 LOAD_NAME                1 (x)
             28 LOAD_CONST               3 (0)
             31 LOAD_CONST               4 (1)
             34 LOAD_CONST               5 (4)
             37 LOAD_CONST               6 (9)
             40 LOAD_CONST               7 (16)
             43 BUILD_SET                5
             46 COMPARE_OP               2 (==)
             49 POP_JUMP_IF_TRUE        58
             52 LOAD_GLOBAL              2 (AssertionError)
             55 RAISE_VARARGS            1
        >>   58 LOAD_CONST               8 (None)
             61 RETURN_VALUE
-- stdout ----------
------------------------------ Captured log call -------------------------------
ERROR    byterun.pyvm2:pyvm2.py:235 Caught exception during execution
Traceback (most recent call last):
  File "/Users/gpbu50235/.pyenv/versions/3.5.10/lib/python3.5/inspect.py", line 1094, in getfullargspec
    sigcls=Signature)
  File "/Users/gpbu50235/.pyenv/versions/3.5.10/lib/python3.5/inspect.py", line 2237, in _signature_from_callable
    return _signature_from_function(sigcls, obj)
  File "/Users/gpbu50235/.pyenv/versions/3.5.10/lib/python3.5/inspect.py", line 2108, in _signature_from_function
    kind=_POSITIONAL_OR_KEYWORD))
  File "/Users/gpbu50235/.pyenv/versions/3.5.10/lib/python3.5/inspect.py", line 2431, in __init__
    raise ValueError('{!r} is not a valid parameter name'.format(name))
ValueError: '.0' is not a valid parameter name

The above exception was the direct cause of the following exception:

Traceback (most recent call last):
  File "/Users/gpbu50235/byterun/byterun/pyvm2.py", line 230, in dispatch
    why = bytecode_fn(*arguments)
  File "/Users/gpbu50235/byterun/byterun/pyvm2.py", line 855, in byte_CALL_FUNCTION
    return self.call_function(arg, [], {})
  File "/Users/gpbu50235/byterun/byterun/pyvm2.py", line 896, in call_function
    retval = func(*posargs, **namedargs)
  File "/Users/gpbu50235/byterun/byterun/pyobj.py", line 57, in __call__
    callargs = inspect.getcallargs(self._func, *args, **kwargs)
  File "/Users/gpbu50235/.pyenv/versions/3.5.10/lib/python3.5/inspect.py", line 1290, in getcallargs
    spec = getfullargspec(func)
  File "/Users/gpbu50235/.pyenv/versions/3.5.10/lib/python3.5/inspect.py", line 1100, in getfullargspec
    raise TypeError('unsupported callable') from ex
TypeError: unsupported callable
__________________________ TestIt.test_staticmethods ___________________________

self = <tests.test_basic.TestIt testMethod=test_staticmethods>

    def test_staticmethods(self):
        self.assert_ok("""\
            class Thing(object):
                @staticmethod
                def smeth(x):
                    print(x)
                @classmethod
                def cmeth(cls, x):
                    print(x)
    
            Thing.smeth(1492)
            Thing.cmeth(1776)
>           """)

tests/test_basic.py:417: 
_ _ _ _ _ _ _ _ _ _ _ _ _ _ _ _ _ _ _ _ _ _ _ _ _ _ _ _ _ _ _ _ _ _ _ _ _ _ _ _ 
tests/vmtest.py:85: in assert_ok
    self.assert_same_exception(vm_exc, py_exc)
tests/vmtest.py:95: in assert_same_exception
    self.assertEqual(str(e1), str(e2))
E   AssertionError: '__build_class__: func must be a function' != 'None'
E   - __build_class__: func must be a function
E   + None
----------------------------- Captured stdout call -----------------------------

<code object smeth at 0x10485c5d0, file "<tests.test_basic.TestIt.test_staticmethods>", line 2>
  4           0 LOAD_GLOBAL              0 (print)
              3 LOAD_FAST                0 (x)
              6 CALL_FUNCTION            1 (1 positional, 0 keyword pair)
              9 POP_TOP
             10 LOAD_CONST               0 (None)
             13 RETURN_VALUE

<code object cmeth at 0x10485c540, file "<tests.test_basic.TestIt.test_staticmethods>", line 5>
  7           0 LOAD_GLOBAL              0 (print)
              3 LOAD_FAST                1 (x)
              6 CALL_FUNCTION            1 (1 positional, 0 keyword pair)
              9 POP_TOP
             10 LOAD_CONST               0 (None)
             13 RETURN_VALUE

<code object Thing at 0x10485c8a0, file "<tests.test_basic.TestIt.test_staticmethods>", line 1>
  1           0 LOAD_NAME                0 (__name__)
              3 STORE_NAME               1 (__module__)
              6 LOAD_CONST               0 ('Thing')
              9 STORE_NAME               2 (__qualname__)

  2          12 LOAD_NAME                3 (staticmethod)
             15 LOAD_CONST               1 (<code object smeth at 0x10485c5d0, file "<tests.test_basic.TestIt.test_staticmethods>", line 2>)
             18 LOAD_CONST               2 ('Thing.smeth')
             21 MAKE_FUNCTION            0
             24 CALL_FUNCTION            1 (1 positional, 0 keyword pair)
             27 STORE_NAME               4 (smeth)

  5          30 LOAD_NAME                5 (classmethod)
             33 LOAD_CONST               3 (<code object cmeth at 0x10485c540, file "<tests.test_basic.TestIt.test_staticmethods>", line 5>)
             36 LOAD_CONST               4 ('Thing.cmeth')
             39 MAKE_FUNCTION            0
             42 CALL_FUNCTION            1 (1 positional, 0 keyword pair)
             45 STORE_NAME               6 (cmeth)
             48 LOAD_CONST               5 (None)
             51 RETURN_VALUE

<code object <module> at 0x10485c780, file "<tests.test_basic.TestIt.test_staticmethods>", line 1>
  1           0 LOAD_BUILD_CLASS
              1 LOAD_CONST               0 (<code object Thing at 0x10485c8a0, file "<tests.test_basic.TestIt.test_staticmethods>", line 1>)
              4 LOAD_CONST               1 ('Thing')
              7 MAKE_FUNCTION            0
             10 LOAD_CONST               1 ('Thing')
             13 LOAD_NAME                0 (object)
             16 CALL_FUNCTION            3 (3 positional, 0 keyword pair)
             19 STORE_NAME               1 (Thing)

  9          22 LOAD_NAME                1 (Thing)
             25 LOAD_ATTR                2 (smeth)
             28 LOAD_CONST               2 (1492)
             31 CALL_FUNCTION            1 (1 positional, 0 keyword pair)
             34 POP_TOP

 10          35 LOAD_NAME                1 (Thing)
             38 LOAD_ATTR                3 (cmeth)
             41 LOAD_CONST               3 (1776)
             44 CALL_FUNCTION            1 (1 positional, 0 keyword pair)
             47 POP_TOP
             48 LOAD_CONST               4 (None)
             51 RETURN_VALUE
-- stdout ----------
------------------------------ Captured log call -------------------------------
ERROR    byterun.pyvm2:pyvm2.py:235 Caught exception during execution
Traceback (most recent call last):
  File "/Users/gpbu50235/byterun/byterun/pyvm2.py", line 230, in dispatch
    why = bytecode_fn(*arguments)
  File "/Users/gpbu50235/byterun/byterun/pyvm2.py", line 855, in byte_CALL_FUNCTION
    return self.call_function(arg, [], {})
  File "/Users/gpbu50235/byterun/byterun/pyvm2.py", line 896, in call_function
    retval = func(*posargs, **namedargs)
TypeError: __build_class__: func must be a function
________________________ TestIt.test_subclass_attribute ________________________

self = <tests.test_basic.TestIt testMethod=test_subclass_attribute>

    def test_subclass_attribute(self):
        self.assert_ok("""\
            class Thing(object):
                def __init__(self):
                    self.foo = 17
            class SubThing(Thing):
                pass
            st = SubThing()
            print(st.foo)
>           """)

tests/test_basic.py:323: 
_ _ _ _ _ _ _ _ _ _ _ _ _ _ _ _ _ _ _ _ _ _ _ _ _ _ _ _ _ _ _ _ _ _ _ _ _ _ _ _ 
tests/vmtest.py:85: in assert_ok
    self.assert_same_exception(vm_exc, py_exc)
tests/vmtest.py:95: in assert_same_exception
    self.assertEqual(str(e1), str(e2))
E   AssertionError: '__build_class__: func must be a function' != 'None'
E   - __build_class__: func must be a function
E   + None
----------------------------- Captured stdout call -----------------------------

<code object __init__ at 0x103e06420, file "<tests.test_basic.TestIt.test_subclass_attribute>", line 2>
  3           0 LOAD_CONST               1 (17)
              3 LOAD_FAST                0 (self)
              6 STORE_ATTR               0 (foo)
              9 LOAD_CONST               0 (None)
             12 RETURN_VALUE

<code object Thing at 0x104886a50, file "<tests.test_basic.TestIt.test_subclass_attribute>", line 1>
  1           0 LOAD_NAME                0 (__name__)
              3 STORE_NAME               1 (__module__)
              6 LOAD_CONST               0 ('Thing')
              9 STORE_NAME               2 (__qualname__)

  2          12 LOAD_CONST               1 (<code object __init__ at 0x103e06420, file "<tests.test_basic.TestIt.test_subclass_attribute>", line 2>)
             15 LOAD_CONST               2 ('Thing.__init__')
             18 MAKE_FUNCTION            0
             21 STORE_NAME               3 (__init__)
             24 LOAD_CONST               3 (None)
             27 RETURN_VALUE

<code object SubThing at 0x104886c90, file "<tests.test_basic.TestIt.test_subclass_attribute>", line 4>
  4           0 LOAD_NAME                0 (__name__)
              3 STORE_NAME               1 (__module__)
              6 LOAD_CONST               0 ('SubThing')
              9 STORE_NAME               2 (__qualname__)

  5          12 LOAD_CONST               1 (None)
             15 RETURN_VALUE

<code object <module> at 0x104886d20, file "<tests.test_basic.TestIt.test_subclass_attribute>", line 1>
  1           0 LOAD_BUILD_CLASS
              1 LOAD_CONST               0 (<code object Thing at 0x104886a50, file "<tests.test_basic.TestIt.test_subclass_attribute>", line 1>)
              4 LOAD_CONST               1 ('Thing')
              7 MAKE_FUNCTION            0
             10 LOAD_CONST               1 ('Thing')
             13 LOAD_NAME                0 (object)
             16 CALL_FUNCTION            3 (3 positional, 0 keyword pair)
             19 STORE_NAME               1 (Thing)

  4          22 LOAD_BUILD_CLASS
             23 LOAD_CONST               2 (<code object SubThing at 0x104886c90, file "<tests.test_basic.TestIt.test_subclass_attribute>", line 4>)
             26 LOAD_CONST               3 ('SubThing')
             29 MAKE_FUNCTION            0
             32 LOAD_CONST               3 ('SubThing')
             35 LOAD_NAME                1 (Thing)
             38 CALL_FUNCTION            3 (3 positional, 0 keyword pair)
             41 STORE_NAME               2 (SubThing)

  6          44 LOAD_NAME                2 (SubThing)
             47 CALL_FUNCTION            0 (0 positional, 0 keyword pair)
             50 STORE_NAME               3 (st)

  7          53 LOAD_NAME                4 (print)
             56 LOAD_NAME                3 (st)
             59 LOAD_ATTR                5 (foo)
             62 CALL_FUNCTION            1 (1 positional, 0 keyword pair)
             65 POP_TOP
             66 LOAD_CONST               4 (None)
             69 RETURN_VALUE
-- stdout ----------
------------------------------ Captured log call -------------------------------
ERROR    byterun.pyvm2:pyvm2.py:235 Caught exception during execution
Traceback (most recent call last):
  File "/Users/gpbu50235/byterun/byterun/pyvm2.py", line 230, in dispatch
    why = bytecode_fn(*arguments)
  File "/Users/gpbu50235/byterun/byterun/pyvm2.py", line 855, in byte_CALL_FUNCTION
    return self.call_function(arg, [], {})
  File "/Users/gpbu50235/byterun/byterun/pyvm2.py", line 896, in call_function
    retval = func(*posargs, **namedargs)
TypeError: __build_class__: func must be a function
___________________ TestIt.test_subclass_attributes_dynamic ____________________

self = <tests.test_basic.TestIt testMethod=test_subclass_attributes_dynamic>

    def test_subclass_attributes_dynamic(self):
        self.assert_ok("""\
            class Foo(object):
                pass
            class Bar(Foo):
                pass
            b = Bar()
            Foo.baz = 3
            assert b.baz == 3
>           """)

tests/test_basic.py:382: 
_ _ _ _ _ _ _ _ _ _ _ _ _ _ _ _ _ _ _ _ _ _ _ _ _ _ _ _ _ _ _ _ _ _ _ _ _ _ _ _ 
tests/vmtest.py:85: in assert_ok
    self.assert_same_exception(vm_exc, py_exc)
tests/vmtest.py:95: in assert_same_exception
    self.assertEqual(str(e1), str(e2))
E   AssertionError: '__build_class__: func must be a function' != 'None'
E   - __build_class__: func must be a function
E   + None
----------------------------- Captured stdout call -----------------------------

<code object Foo at 0x103b99300, file "<tests.test_basic.TestIt.test_subclass_attributes_dynamic>", line 1>
  1           0 LOAD_NAME                0 (__name__)
              3 STORE_NAME               1 (__module__)
              6 LOAD_CONST               0 ('Foo')
              9 STORE_NAME               2 (__qualname__)

  2          12 LOAD_CONST               1 (None)
             15 RETURN_VALUE

<code object Bar at 0x103b99270, file "<tests.test_basic.TestIt.test_subclass_attributes_dynamic>", line 3>
  3           0 LOAD_NAME                0 (__name__)
              3 STORE_NAME               1 (__module__)
              6 LOAD_CONST               0 ('Bar')
              9 STORE_NAME               2 (__qualname__)

  4          12 LOAD_CONST               1 (None)
             15 RETURN_VALUE

<code object <module> at 0x103b990c0, file "<tests.test_basic.TestIt.test_subclass_attributes_dynamic>", line 1>
  1           0 LOAD_BUILD_CLASS
              1 LOAD_CONST               0 (<code object Foo at 0x103b99300, file "<tests.test_basic.TestIt.test_subclass_attributes_dynamic>", line 1>)
              4 LOAD_CONST               1 ('Foo')
              7 MAKE_FUNCTION            0
             10 LOAD_CONST               1 ('Foo')
             13 LOAD_NAME                0 (object)
             16 CALL_FUNCTION            3 (3 positional, 0 keyword pair)
             19 STORE_NAME               1 (Foo)

  3          22 LOAD_BUILD_CLASS
             23 LOAD_CONST               2 (<code object Bar at 0x103b99270, file "<tests.test_basic.TestIt.test_subclass_attributes_dynamic>", line 3>)
             26 LOAD_CONST               3 ('Bar')
             29 MAKE_FUNCTION            0
             32 LOAD_CONST               3 ('Bar')
             35 LOAD_NAME                1 (Foo)
             38 CALL_FUNCTION            3 (3 positional, 0 keyword pair)
             41 STORE_NAME               2 (Bar)

  5          44 LOAD_NAME                2 (Bar)
             47 CALL_FUNCTION            0 (0 positional, 0 keyword pair)
             50 STORE_NAME               3 (b)

  6          53 LOAD_CONST               4 (3)
             56 LOAD_NAME                1 (Foo)
             59 STORE_ATTR               4 (baz)

  7          62 LOAD_NAME                3 (b)
             65 LOAD_ATTR                4 (baz)
             68 LOAD_CONST               4 (3)
             71 COMPARE_OP               2 (==)
             74 POP_JUMP_IF_TRUE        83
             77 LOAD_GLOBAL              5 (AssertionError)
             80 RAISE_VARARGS            1
        >>   83 LOAD_CONST               5 (None)
             86 RETURN_VALUE
-- stdout ----------
------------------------------ Captured log call -------------------------------
ERROR    byterun.pyvm2:pyvm2.py:235 Caught exception during execution
Traceback (most recent call last):
  File "/Users/gpbu50235/byterun/byterun/pyvm2.py", line 230, in dispatch
    why = bytecode_fn(*arguments)
  File "/Users/gpbu50235/byterun/byterun/pyvm2.py", line 855, in byte_CALL_FUNCTION
    return self.call_function(arg, [], {})
  File "/Users/gpbu50235/byterun/byterun/pyvm2.py", line 896, in call_function
    retval = func(*posargs, **namedargs)
TypeError: __build_class__: func must be a function
__________________ TestIt.test_subclass_attributes_not_shared __________________

self = <tests.test_basic.TestIt testMethod=test_subclass_attributes_not_shared>

    def test_subclass_attributes_not_shared(self):
        self.assert_ok("""\
            class Thing(object):
                foo = 17
            class SubThing(Thing):
                foo = 25
            st = SubThing()
            t = Thing()
            assert st.foo == 25
            assert t.foo == 17
>           """)

tests/test_basic.py:335: 
_ _ _ _ _ _ _ _ _ _ _ _ _ _ _ _ _ _ _ _ _ _ _ _ _ _ _ _ _ _ _ _ _ _ _ _ _ _ _ _ 
tests/vmtest.py:85: in assert_ok
    self.assert_same_exception(vm_exc, py_exc)
tests/vmtest.py:95: in assert_same_exception
    self.assertEqual(str(e1), str(e2))
E   AssertionError: '__build_class__: func must be a function' != 'None'
E   - __build_class__: func must be a function
E   + None
----------------------------- Captured stdout call -----------------------------

<code object Thing at 0x103ba54b0, file "<tests.test_basic.TestIt.test_subclass_attributes_not_shared>", line 1>
  1           0 LOAD_NAME                0 (__name__)
              3 STORE_NAME               1 (__module__)
              6 LOAD_CONST               0 ('Thing')
              9 STORE_NAME               2 (__qualname__)

  2          12 LOAD_CONST               1 (17)
             15 STORE_NAME               3 (foo)
             18 LOAD_CONST               2 (None)
             21 RETURN_VALUE

<code object SubThing at 0x103ba5540, file "<tests.test_basic.TestIt.test_subclass_attributes_not_shared>", line 3>
  3           0 LOAD_NAME                0 (__name__)
              3 STORE_NAME               1 (__module__)
              6 LOAD_CONST               0 ('SubThing')
              9 STORE_NAME               2 (__qualname__)

  4          12 LOAD_CONST               1 (25)
             15 STORE_NAME               3 (foo)
[...]
TypeError: unsupported callable
________________________ TestGenerators.test_yield_from ________________________

self = <tests.test_functions.TestGenerators testMethod=test_yield_from>

    def test_yield_from(self):
        self.assert_ok("""\
            def main():
                x = outer()
                next(x)
                y = x.send("Hello, World")
                print(y)
    
            def outer():
                yield from inner()
    
            def inner():
                y = yield
                yield y
    
            main()
>           """)

tests/test_functions.py:382: 
_ _ _ _ _ _ _ _ _ _ _ _ _ _ _ _ _ _ _ _ _ _ _ _ _ _ _ _ _ _ _ _ _ _ _ _ _ _ _ _ 
tests/vmtest.py:53: in assert_ok
    vm_value = vm.run_code(code)
byterun/pyvm2.py:139: in run_code
    val = self.run_frame(frame)
byterun/pyvm2.py:322: in run_frame
    raise exc_value.with_traceback(exc_traceback)
byterun/pyvm2.py:230: in dispatch
    why = bytecode_fn(*arguments)
byterun/pyvm2.py:855: in byte_CALL_FUNCTION
    return self.call_function(arg, [], {})
byterun/pyvm2.py:896: in call_function
    retval = func(*posargs, **namedargs)
byterun/pyobj.py:67: in __call__
    retval = self._vm.run_frame(frame)
byterun/pyvm2.py:322: in run_frame
    raise exc_value.with_traceback(exc_traceback)
byterun/pyvm2.py:230: in dispatch
    why = bytecode_fn(*arguments)
byterun/pyvm2.py:855: in byte_CALL_FUNCTION
    return self.call_function(arg, [], {})
byterun/pyvm2.py:896: in call_function
    retval = func(*posargs, **namedargs)
byterun/pyobj.py:202: in next
    return self.send(None)
byterun/pyobj.py:209: in send
    val = self.vm.resume_frame(self.gi_frame)
byterun/pyvm2.py:133: in resume_frame
    val = self.run_frame(frame)
byterun/pyvm2.py:322: in run_frame
    raise exc_value.with_traceback(exc_traceback)
_ _ _ _ _ _ _ _ _ _ _ _ _ _ _ _ _ _ _ _ _ _ _ _ _ _ _ _ _ _ _ _ _ _ _ _ _ _ _ _ 

self = <byterun.pyvm2.VirtualMachine object at 0x1048a2108>
byteName = 'GET_YIELD_FROM_ITER', arguments = []

    def dispatch(self, byteName, arguments):
        """ Dispatch by bytename to the corresponding methods.
        Exceptions are caught and set on the virtual machine."""
        why = None
        try:
            if byteName.startswith('UNARY_'):
                self.unaryOperator(byteName[6:])
            elif byteName.startswith('BINARY_'):
                self.binaryOperator(byteName[7:])
            elif byteName.startswith('INPLACE_'):
                self.inplaceOperator(byteName[8:])
            elif 'SLICE+' in byteName:
                self.sliceOperator(byteName)
            else:
                # dispatch
                bytecode_fn = getattr(self, 'byte_%s' % byteName, None)
                if not bytecode_fn:            # pragma: no cover
                    raise VirtualMachineError(
>                       "unknown bytecode type: %s" % byteName
                    )
E                   byterun.pyvm2.VirtualMachineError: unknown bytecode type: GET_YIELD_FROM_ITER

byterun/pyvm2.py:228: VirtualMachineError
----------------------------- Captured stdout call -----------------------------

<code object main at 0x10485c1e0, file "<tests.test_functions.TestGenerators.test_yield_from>", line 1>
  2           0 LOAD_GLOBAL              0 (outer)
              3 CALL_FUNCTION            0 (0 positional, 0 keyword pair)
              6 STORE_FAST               0 (x)

  3           9 LOAD_GLOBAL              1 (next)
             12 LOAD_FAST                0 (x)
             15 CALL_FUNCTION            1 (1 positional, 0 keyword pair)
             18 POP_TOP

  4          19 LOAD_FAST                0 (x)
             22 LOAD_ATTR                2 (send)
             25 LOAD_CONST               1 ('Hello, World')
             28 CALL_FUNCTION            1 (1 positional, 0 keyword pair)
             31 STORE_FAST               1 (y)

  5          34 LOAD_GLOBAL              3 (print)
             37 LOAD_FAST                1 (y)
             40 CALL_FUNCTION            1 (1 positional, 0 keyword pair)
             43 POP_TOP
             44 LOAD_CONST               0 (None)
             47 RETURN_VALUE

<code object outer at 0x10485c270, file "<tests.test_functions.TestGenerators.test_yield_from>", line 7>
  8           0 LOAD_GLOBAL              0 (inner)
              3 CALL_FUNCTION            0 (0 positional, 0 keyword pair)
              6 GET_YIELD_FROM_ITER
              7 LOAD_CONST               0 (None)
             10 YIELD_FROM
             11 POP_TOP
             12 LOAD_CONST               0 (None)
             15 RETURN_VALUE

<code object inner at 0x10485c6f0, file "<tests.test_functions.TestGenerators.test_yield_from>", line 10>
 11           0 LOAD_CONST               0 (None)
              3 YIELD_VALUE
              4 STORE_FAST               0 (y)

 12           7 LOAD_FAST                0 (y)
             10 YIELD_VALUE
             11 POP_TOP
             12 LOAD_CONST               0 (None)
             15 RETURN_VALUE

<code object <module> at 0x10485ca50, file "<tests.test_functions.TestGenerators.test_yield_from>", line 1>
  1           0 LOAD_CONST               0 (<code object main at 0x10485c1e0, file "<tests.test_functions.TestGenerators.test_yield_from>", line 1>)
              3 LOAD_CONST               1 ('main')
              6 MAKE_FUNCTION            0
              9 STORE_NAME               0 (main)

  7          12 LOAD_CONST               2 (<code object outer at 0x10485c270, file "<tests.test_functions.TestGenerators.test_yield_from>", line 7>)
             15 LOAD_CONST               3 ('outer')
             18 MAKE_FUNCTION            0
             21 STORE_NAME               1 (outer)

 10          24 LOAD_CONST               4 (<code object inner at 0x10485c6f0, file "<tests.test_functions.TestGenerators.test_yield_from>", line 10>)
             27 LOAD_CONST               5 ('inner')
             30 MAKE_FUNCTION            0
             33 STORE_NAME               2 (inner)

 14          36 LOAD_NAME                0 (main)
             39 CALL_FUNCTION            0 (0 positional, 0 keyword pair)
             42 POP_TOP
             43 LOAD_CONST               6 (None)
             46 RETURN_VALUE
-- stdout ----------
------------------------------ Captured log call -------------------------------
ERROR    byterun.pyvm2:pyvm2.py:235 Caught exception during execution
Traceback (most recent call last):
  File "/Users/gpbu50235/byterun/byterun/pyvm2.py", line 228, in dispatch
    "unknown bytecode type: %s" % byteName
byterun.pyvm2.VirtualMachineError: unknown bytecode type: GET_YIELD_FROM_ITER
ERROR    byterun.pyvm2:pyvm2.py:235 Caught exception during execution
Traceback (most recent call last):
  File "/Users/gpbu50235/byterun/byterun/pyvm2.py", line 230, in dispatch
    why = bytecode_fn(*arguments)
  File "/Users/gpbu50235/byterun/byterun/pyvm2.py", line 855, in byte_CALL_FUNCTION
    return self.call_function(arg, [], {})
  File "/Users/gpbu50235/byterun/byterun/pyvm2.py", line 896, in call_function
    retval = func(*posargs, **namedargs)
  File "/Users/gpbu50235/byterun/byterun/pyobj.py", line 202, in next
    return self.send(None)
  File "/Users/gpbu50235/byterun/byterun/pyobj.py", line 209, in send
    val = self.vm.resume_frame(self.gi_frame)
  File "/Users/gpbu50235/byterun/byterun/pyvm2.py", line 133, in resume_frame
    val = self.run_frame(frame)
  File "/Users/gpbu50235/byterun/byterun/pyvm2.py", line 322, in run_frame
    raise exc_value.with_traceback(exc_traceback)
  File "/Users/gpbu50235/byterun/byterun/pyvm2.py", line 228, in dispatch
    "unknown bytecode type: %s" % byteName
byterun.pyvm2.VirtualMachineError: unknown bytecode type: GET_YIELD_FROM_ITER
ERROR    byterun.pyvm2:pyvm2.py:235 Caught exception during execution
Traceback (most recent call last):
  File "/Users/gpbu50235/byterun/byterun/pyvm2.py", line 230, in dispatch
    why = bytecode_fn(*arguments)
  File "/Users/gpbu50235/byterun/byterun/pyvm2.py", line 855, in byte_CALL_FUNCTION
    return self.call_function(arg, [], {})
  File "/Users/gpbu50235/byterun/byterun/pyvm2.py", line 896, in call_function
    retval = func(*posargs, **namedargs)
  File "/Users/gpbu50235/byterun/byterun/pyobj.py", line 67, in __call__
    retval = self._vm.run_frame(frame)
  File "/Users/gpbu50235/byterun/byterun/pyvm2.py", line 322, in run_frame
    raise exc_value.with_traceback(exc_traceback)
  File "/Users/gpbu50235/byterun/byterun/pyvm2.py", line 230, in dispatch
    why = bytecode_fn(*arguments)
  File "/Users/gpbu50235/byterun/byterun/pyvm2.py", line 855, in byte_CALL_FUNCTION
    return self.call_function(arg, [], {})
  File "/Users/gpbu50235/byterun/byterun/pyvm2.py", line 896, in call_function
    retval = func(*posargs, **namedargs)
  File "/Users/gpbu50235/byterun/byterun/pyobj.py", line 202, in next
    return self.send(None)
  File "/Users/gpbu50235/byterun/byterun/pyobj.py", line 209, in send
    val = self.vm.resume_frame(self.gi_frame)
  File "/Users/gpbu50235/byterun/byterun/pyvm2.py", line 133, in resume_frame
    val = self.run_frame(frame)
  File "/Users/gpbu50235/byterun/byterun/pyvm2.py", line 322, in run_frame
    raise exc_value.with_traceback(exc_traceback)
  File "/Users/gpbu50235/byterun/byterun/pyvm2.py", line 228, in dispatch
    "unknown bytecode type: %s" % byteName
byterun.pyvm2.VirtualMachineError: unknown bytecode type: GET_YIELD_FROM_ITER
_____________________ TestGenerators.test_yield_from_tuple _____________________

self = <tests.test_functions.TestGenerators testMethod=test_yield_from_tuple>

    def test_yield_from_tuple(self):
        self.assert_ok("""\
            def main():
                for x in outer():
                    print(x)
    
            def outer():
                yield from (1, 2, 3, 4)
    
            main()
>           """)

tests/test_functions.py:394: 
_ _ _ _ _ _ _ _ _ _ _ _ _ _ _ _ _ _ _ _ _ _ _ _ _ _ _ _ _ _ _ _ _ _ _ _ _ _ _ _ 
tests/vmtest.py:53: in assert_ok
    vm_value = vm.run_code(code)
byterun/pyvm2.py:139: in run_code
    val = self.run_frame(frame)
byterun/pyvm2.py:322: in run_frame
    raise exc_value.with_traceback(exc_traceback)
byterun/pyvm2.py:230: in dispatch
    why = bytecode_fn(*arguments)
byterun/pyvm2.py:855: in byte_CALL_FUNCTION
    return self.call_function(arg, [], {})
byterun/pyvm2.py:896: in call_function
    retval = func(*posargs, **namedargs)
byterun/pyobj.py:67: in __call__
    retval = self._vm.run_frame(frame)
byterun/pyvm2.py:322: in run_frame
    raise exc_value.with_traceback(exc_traceback)
byterun/pyvm2.py:230: in dispatch
    why = bytecode_fn(*arguments)
byterun/pyvm2.py:695: in byte_FOR_ITER
    v = next(iterobj)
byterun/pyobj.py:202: in next
    return self.send(None)
byterun/pyobj.py:209: in send
    val = self.vm.resume_frame(self.gi_frame)
byterun/pyvm2.py:133: in resume_frame
    val = self.run_frame(frame)
byterun/pyvm2.py:322: in run_frame
    raise exc_value.with_traceback(exc_traceback)
_ _ _ _ _ _ _ _ _ _ _ _ _ _ _ _ _ _ _ _ _ _ _ _ _ _ _ _ _ _ _ _ _ _ _ _ _ _ _ _ 

self = <byterun.pyvm2.VirtualMachine object at 0x10485ff08>
byteName = 'GET_YIELD_FROM_ITER', arguments = []

    def dispatch(self, byteName, arguments):
        """ Dispatch by bytename to the corresponding methods.
        Exceptions are caught and set on the virtual machine."""
        why = None
        try:
            if byteName.startswith('UNARY_'):
                self.unaryOperator(byteName[6:])
            elif byteName.startswith('BINARY_'):
                self.binaryOperator(byteName[7:])
            elif byteName.startswith('INPLACE_'):
                self.inplaceOperator(byteName[8:])
            elif 'SLICE+' in byteName:
                self.sliceOperator(byteName)
            else:
                # dispatch
                bytecode_fn = getattr(self, 'byte_%s' % byteName, None)
                if not bytecode_fn:            # pragma: no cover
                    raise VirtualMachineError(
>                       "unknown bytecode type: %s" % byteName
                    )
E                   byterun.pyvm2.VirtualMachineError: unknown bytecode type: GET_YIELD_FROM_ITER

byterun/pyvm2.py:228: VirtualMachineError
----------------------------- Captured stdout call -----------------------------

<code object main at 0x103b99030, file "<tests.test_functions.TestGenerators.test_yield_from_tuple>", line 1>
  2           0 SETUP_LOOP              27 (to 30)
              3 LOAD_GLOBAL              0 (outer)
              6 CALL_FUNCTION            0 (0 positional, 0 keyword pair)
              9 GET_ITER
        >>   10 FOR_ITER                16 (to 29)
             13 STORE_FAST               0 (x)

  3          16 LOAD_GLOBAL              1 (print)
             19 LOAD_FAST                0 (x)
             22 CALL_FUNCTION            1 (1 positional, 0 keyword pair)
             25 POP_TOP
             26 JUMP_ABSOLUTE           10
        >>   29 POP_BLOCK
        >>   30 LOAD_CONST               0 (None)
             33 RETURN_VALUE

<code object outer at 0x103b990c0, file "<tests.test_functions.TestGenerators.test_yield_from_tuple>", line 5>
  6           0 LOAD_CONST               5 ((1, 2, 3, 4))
              3 GET_YIELD_FROM_ITER
              4 LOAD_CONST               0 (None)
              7 YIELD_FROM
              8 POP_TOP
              9 LOAD_CONST               0 (None)
             12 RETURN_VALUE

<code object <module> at 0x103b99150, file "<tests.test_functions.TestGenerators.test_yield_from_tuple>", line 1>
  1           0 LOAD_CONST               0 (<code object main at 0x103b99030, file "<tests.test_functions.TestGenerators.test_yield_from_tuple>", line 1>)
              3 LOAD_CONST               1 ('main')
              6 MAKE_FUNCTION            0
              9 STORE_NAME               0 (main)

  5          12 LOAD_CONST               2 (<code object outer at 0x103b990c0, file "<tests.test_functions.TestGenerators.test_yield_from_tuple>", line 5>)
             15 LOAD_CONST               3 ('outer')
             18 MAKE_FUNCTION            0
             21 STORE_NAME               1 (outer)

  8          24 LOAD_NAME                0 (main)
             27 CALL_FUNCTION            0 (0 positional, 0 keyword pair)
             30 POP_TOP
             31 LOAD_CONST               4 (None)
             34 RETURN_VALUE
-- stdout ----------
------------------------------ Captured log call -------------------------------
ERROR    byterun.pyvm2:pyvm2.py:235 Caught exception during execution
Traceback (most recent call last):
  File "/Users/gpbu50235/byterun/byterun/pyvm2.py", line 228, in dispatch
    "unknown bytecode type: %s" % byteName
byterun.pyvm2.VirtualMachineError: unknown bytecode type: GET_YIELD_FROM_ITER
ERROR    byterun.pyvm2:pyvm2.py:235 Caught exception during execution
Traceback (most recent call last):
  File "/Users/gpbu50235/byterun/byterun/pyvm2.py", line 230, in dispatch
    why = bytecode_fn(*arguments)
  File "/Users/gpbu50235/byterun/byterun/pyvm2.py", line 695, in byte_FOR_ITER
    v = next(iterobj)
  File "/Users/gpbu50235/byterun/byterun/pyobj.py", line 202, in next
    return self.send(None)
  File "/Users/gpbu50235/byterun/byterun/pyobj.py", line 209, in send
    val = self.vm.resume_frame(self.gi_frame)
  File "/Users/gpbu50235/byterun/byterun/pyvm2.py", line 133, in resume_frame
    val = self.run_frame(frame)
  File "/Users/gpbu50235/byterun/byterun/pyvm2.py", line 322, in run_frame
    raise exc_value.with_traceback(exc_traceback)
  File "/Users/gpbu50235/byterun/byterun/pyvm2.py", line 228, in dispatch
    "unknown bytecode type: %s" % byteName
byterun.pyvm2.VirtualMachineError: unknown bytecode type: GET_YIELD_FROM_ITER
ERROR    byterun.pyvm2:pyvm2.py:235 Caught exception during execution
Traceback (most recent call last):
  File "/Users/gpbu50235/byterun/byterun/pyvm2.py", line 230, in dispatch
    why = bytecode_fn(*arguments)
  File "/Users/gpbu50235/byterun/byterun/pyvm2.py", line 855, in byte_CALL_FUNCTION
    return self.call_function(arg, [], {})
  File "/Users/gpbu50235/byterun/byterun/pyvm2.py", line 896, in call_function
    retval = func(*posargs, **namedargs)
  File "/Users/gpbu50235/byterun/byterun/pyobj.py", line 67, in __call__
    retval = self._vm.run_frame(frame)
  File "/Users/gpbu50235/byterun/byterun/pyvm2.py", line 322, in run_frame
    raise exc_value.with_traceback(exc_traceback)
  File "/Users/gpbu50235/byterun/byterun/pyvm2.py", line 230, in dispatch
    why = bytecode_fn(*arguments)
  File "/Users/gpbu50235/byterun/byterun/pyvm2.py", line 695, in byte_FOR_ITER
    v = next(iterobj)
  File "/Users/gpbu50235/byterun/byterun/pyobj.py", line 202, in next
    return self.send(None)
  File "/Users/gpbu50235/byterun/byterun/pyobj.py", line 209, in send
    val = self.vm.resume_frame(self.gi_frame)
  File "/Users/gpbu50235/byterun/byterun/pyvm2.py", line 133, in resume_frame
    val = self.run_frame(frame)
  File "/Users/gpbu50235/byterun/byterun/pyvm2.py", line 322, in run_frame
    raise exc_value.with_traceback(exc_traceback)
  File "/Users/gpbu50235/byterun/byterun/pyvm2.py", line 228, in dispatch
    "unknown bytecode type: %s" % byteName
byterun.pyvm2.VirtualMachineError: unknown bytecode type: GET_YIELD_FROM_ITER
=========================== short test summary info ============================
FAILED tests/test_basic.py::TestIt::test_attribute_access - AssertionError: '...
FAILED tests/test_basic.py::TestIt::test_bound_methods - AssertionError: '__b...
FAILED tests/test_basic.py::TestIt::test_building_stuff - AssertionError: "'i...
FAILED tests/test_basic.py::TestIt::test_calling_methods_wrong - AssertionErr...
FAILED tests/test_basic.py::TestIt::test_calling_subclass_methods - Assertion...
FAILED tests/test_basic.py::TestIt::test_classes - AssertionError: '__build_c...
FAILED tests/test_basic.py::TestIt::test_data_descriptors_precede_instance_attributes
FAILED tests/test_basic.py::TestIt::test_dict_comprehension - AssertionError:...
FAILED tests/test_basic.py::TestIt::test_generator_expression - AssertionErro...
FAILED tests/test_basic.py::TestIt::test_instance_attrs_precede_non_data_descriptors
FAILED tests/test_basic.py::TestIt::test_list_comprehension - AssertionError:...
FAILED tests/test_basic.py::TestIt::test_multiple_classes - AssertionError: '...
FAILED tests/test_basic.py::TestIt::test_object_attrs_not_shared_with_class
FAILED tests/test_basic.py::TestIt::test_set_comprehension - AssertionError: ...
FAILED tests/test_basic.py::TestIt::test_staticmethods - AssertionError: '__b...
FAILED tests/test_basic.py::TestIt::test_subclass_attribute - AssertionError:...
FAILED tests/test_basic.py::TestIt::test_subclass_attributes_dynamic - Assert...
FAILED tests/test_basic.py::TestIt::test_subclass_attributes_not_shared - Ass...
FAILED tests/test_basic.py::TestIt::test_unbound_methods - AssertionError: '_...
FAILED tests/test_functions.py::TestFunctions::test_calling_functions_with_args_kwargs
FAILED tests/test_functions.py::TestFunctions::test_different_globals_may_have_different_builtins
FAILED tests/test_functions.py::TestFunctions::test_no_builtins - AssertionEr...
FAILED tests/test_functions.py::TestGenerators::test_distinguish_iterators_and_generators
FAILED tests/test_functions.py::TestGenerators::test_generator_from_generator
FAILED tests/test_functions.py::TestGenerators::test_generator_from_generator2
FAILED tests/test_functions.py::TestGenerators::test_nested_yield_from - byte...
FAILED tests/test_functions.py::TestGenerators::test_return_from_generator_with_yield_from
FAILED tests/test_functions.py::TestGenerators::test_simple_generator - Asser...
FAILED tests/test_functions.py::TestGenerators::test_yield_from - byterun.pyv...
FAILED tests/test_functions.py::TestGenerators::test_yield_from_tuple - byter...
======================== 30 failed, 48 passed in 0.40s =========================
